[ 2018-10-15T14:32:10+08:00 ] ::1 /testproject/tp32admin/Public/admin/js/jquery.nanoscroller/jquery.nanoscroller.min.js.map
ERR: 无法加载控制器:Public

[ 2018-10-15T14:32:10+08:00 ] ::1 /testproject/tp32admin/Public/admin/js/bootstrap/dist/css/bootstrap.css.map
ERR: 无法加载控制器:Public

[ 2018-10-15T14:32:22+08:00 ] ::1 /testproject/tp32admin/Public/admin/js/bootstrap/dist/css/bootstrap.css.map
ERR: 无法加载控制器:Public

[ 2018-10-15T14:32:22+08:00 ] ::1 /testproject/tp32admin/Public/admin/js/jquery.nanoscroller/jquery.nanoscroller.min.js.map
ERR: 无法加载控制器:Public

[ 2018-10-15T14:34:23+08:00 ] ::1 /testproject/tp32admin/Public/admin/js/jquery.nanoscroller/jquery.nanoscroller.min.js.map
ERR: 无法加载控制器:Public

[ 2018-10-15T14:34:23+08:00 ] ::1 /testproject/tp32admin/Public/admin/js/bootstrap/dist/css/bootstrap.css.map
ERR: 无法加载控制器:Public

[ 2018-10-15T14:34:25+08:00 ] ::1 /testproject/tp32admin/Public/admin/js/bootstrap/dist/css/bootstrap.css.map
ERR: 无法加载控制器:Public

[ 2018-10-15T14:34:25+08:00 ] ::1 /testproject/tp32admin/Public/admin/js/jquery.nanoscroller/jquery.nanoscroller.min.js.map
ERR: 无法加载控制器:Public

[ 2018-10-15T14:34:28+08:00 ] ::1 /testproject/tp32admin/Public/admin/js/jquery.nanoscroller/jquery.nanoscroller.min.js.map
ERR: 无法加载控制器:Public

[ 2018-10-15T14:34:28+08:00 ] ::1 /testproject/tp32admin/Public/admin/js/bootstrap/dist/css/bootstrap.css.map
ERR: 无法加载控制器:Public

[ 2018-10-15T14:34:30+08:00 ] ::1 /testproject/tp32admin/Public/admin/js/bootstrap/dist/css/bootstrap.css.map
ERR: 无法加载控制器:Public

[ 2018-10-15T14:34:30+08:00 ] ::1 /testproject/tp32admin/Public/admin/js/jquery.nanoscroller/jquery.nanoscroller.min.js.map
ERR: 无法加载控制器:Public

[ 2018-10-15T14:34:31+08:00 ] ::1 /testproject/tp32admin/Public/admin/js/jquery.nanoscroller/jquery.nanoscroller.min.js.map
ERR: 无法加载控制器:Public

[ 2018-10-15T14:34:31+08:00 ] ::1 /testproject/tp32admin/Public/admin/js/bootstrap/dist/css/bootstrap.css.map
ERR: 无法加载控制器:Public

[ 2018-10-15T14:34:34+08:00 ] ::1 /testproject/tp32admin/Public/admin/js/bootstrap/dist/css/bootstrap.css.map
ERR: 无法加载控制器:Public

[ 2018-10-15T14:34:34+08:00 ] ::1 /testproject/tp32admin/Public/admin/js/jquery.nanoscroller/jquery.nanoscroller.min.js.map
ERR: 无法加载控制器:Public

[ 2018-10-15T14:35:35+08:00 ] ::1 /testproject/tp32admin/Public/admin/js/jquery.nanoscroller/jquery.nanoscroller.min.js.map
ERR: 无法加载控制器:Public

[ 2018-10-15T14:35:35+08:00 ] ::1 /testproject/tp32admin/Public/admin/js/bootstrap/dist/css/bootstrap.css.map
ERR: 无法加载控制器:Public

[ 2018-10-15T15:04:22+08:00 ] ::1 /testproject/tp32admin/Public/admin/js/jquery.nanoscroller/jquery.nanoscroller.min.js.map
ERR: 无法加载控制器:Public

[ 2018-10-15T15:04:22+08:00 ] ::1 /testproject/tp32admin/Public/admin/js/bootstrap/dist/css/bootstrap.css.map
ERR: 无法加载控制器:Public

[ 2018-10-15T15:05:22+08:00 ] ::1 /testproject/tp32admin/Public/admin/js/bootstrap/dist/css/bootstrap.css.map
ERR: 无法加载控制器:Public

[ 2018-10-15T15:05:22+08:00 ] ::1 /testproject/tp32admin/Public/admin/js/jquery.nanoscroller/jquery.nanoscroller.min.js.map
ERR: 无法加载控制器:Public

[ 2018-10-15T15:05:22+08:00 ] ::1 /testproject/tp32admin/Public/admin/js/jquery.nanoscroller/jquery.nanoscroller.min.js.map
ERR: 无法加载控制器:Public

[ 2018-10-15T15:05:22+08:00 ] ::1 /testproject/tp32admin/Public/admin/js/bootstrap/dist/css/bootstrap.css.map
ERR: 无法加载控制器:Public

[ 2018-10-15T15:05:22+08:00 ] ::1 /testproject/tp32admin/Public/admin/js/bootstrap/dist/css/bootstrap.css.map
ERR: 无法加载控制器:Public

[ 2018-10-15T15:05:22+08:00 ] ::1 /testproject/tp32admin/Public/admin/js/jquery.nanoscroller/jquery.nanoscroller.min.js.map
ERR: 无法加载控制器:Public

[ 2018-10-15T15:05:24+08:00 ] ::1 /testproject/tp32admin/Public/admin/js/bootstrap/dist/css/bootstrap.css.map
ERR: 无法加载控制器:Public

[ 2018-10-15T15:05:24+08:00 ] ::1 /testproject/tp32admin/Public/admin/js/jquery.nanoscroller/jquery.nanoscroller.min.js.map
ERR: 无法加载控制器:Public

[ 2018-10-15T15:05:25+08:00 ] ::1 /testproject/tp32admin/Public/admin/js/bootstrap/dist/css/bootstrap.css.map
ERR: 无法加载控制器:Public

[ 2018-10-15T15:05:25+08:00 ] ::1 /testproject/tp32admin/Public/admin/js/jquery.nanoscroller/jquery.nanoscroller.min.js.map
ERR: 无法加载控制器:Public

[ 2018-10-15T15:05:26+08:00 ] ::1 /testproject/tp32admin/Public/admin/js/bootstrap/dist/css/bootstrap.css.map
ERR: 无法加载控制器:Public

[ 2018-10-15T15:05:26+08:00 ] ::1 /testproject/tp32admin/Public/admin/js/jquery.nanoscroller/jquery.nanoscroller.min.js.map
ERR: 无法加载控制器:Public

[ 2018-10-15T15:05:31+08:00 ] ::1 /testproject/tp32admin/Public/admin/js/jquery.nanoscroller/jquery.nanoscroller.min.js.map
ERR: 无法加载控制器:Public

[ 2018-10-15T15:05:31+08:00 ] ::1 /testproject/tp32admin/Public/admin/js/bootstrap/dist/css/bootstrap.css.map
ERR: 无法加载控制器:Public

[ 2018-10-15T15:05:31+08:00 ] ::1 /testproject/tp32admin/Public/admin/js/bootstrap/dist/css/bootstrap.css.map
ERR: 无法加载控制器:Public

[ 2018-10-15T15:05:31+08:00 ] ::1 /testproject/tp32admin/Public/admin/js/jquery.nanoscroller/jquery.nanoscroller.min.js.map
ERR: 无法加载控制器:Public

[ 2018-10-15T15:05:31+08:00 ] ::1 /testproject/tp32admin/Public/admin/js/bootstrap/dist/css/bootstrap.css.map
ERR: 无法加载控制器:Public

[ 2018-10-15T15:05:31+08:00 ] ::1 /testproject/tp32admin/Public/admin/js/jquery.nanoscroller/jquery.nanoscroller.min.js.map
ERR: 无法加载控制器:Public

[ 2018-10-15T15:05:32+08:00 ] ::1 /testproject/tp32admin/Public/admin/js/bootstrap/dist/css/bootstrap.css.map
ERR: 无法加载控制器:Public

[ 2018-10-15T15:05:32+08:00 ] ::1 /testproject/tp32admin/Public/admin/js/jquery.nanoscroller/jquery.nanoscroller.min.js.map
ERR: 无法加载控制器:Public

[ 2018-10-15T15:05:33+08:00 ] ::1 /testproject/tp32admin/Public/admin/js/bootstrap/dist/css/bootstrap.css.map
ERR: 无法加载控制器:Public

[ 2018-10-15T15:05:33+08:00 ] ::1 /testproject/tp32admin/Public/admin/js/jquery.nanoscroller/jquery.nanoscroller.min.js.map
ERR: 无法加载控制器:Public

[ 2018-10-15T15:05:33+08:00 ] ::1 /testproject/tp32admin/Public/admin/js/bootstrap/dist/css/bootstrap.css.map
ERR: 无法加载控制器:Public

[ 2018-10-15T15:05:33+08:00 ] ::1 /testproject/tp32admin/Public/admin/js/jquery.nanoscroller/jquery.nanoscroller.min.js.map
ERR: 无法加载控制器:Public

[ 2018-10-15T15:06:10+08:00 ] ::1 /testproject/tp32admin/Public/admin/js/jquery.nanoscroller/jquery.nanoscroller.min.js.map
ERR: 无法加载控制器:Public

[ 2018-10-15T15:06:10+08:00 ] ::1 /testproject/tp32admin/Public/admin/js/bootstrap/dist/css/bootstrap.css.map
ERR: 无法加载控制器:Public

[ 2018-10-15T15:06:10+08:00 ] ::1 /testproject/tp32admin/Public/admin/js/bootstrap/dist/css/bootstrap.css.map
ERR: 无法加载控制器:Public

[ 2018-10-15T15:06:10+08:00 ] ::1 /testproject/tp32admin/Public/admin/js/jquery.nanoscroller/jquery.nanoscroller.min.js.map
ERR: 无法加载控制器:Public

[ 2018-10-15T15:06:11+08:00 ] ::1 /testproject/tp32admin/Public/admin/js/bootstrap/dist/css/bootstrap.css.map
ERR: 无法加载控制器:Public

[ 2018-10-15T15:06:11+08:00 ] ::1 /testproject/tp32admin/Public/admin/js/jquery.nanoscroller/jquery.nanoscroller.min.js.map
ERR: 无法加载控制器:Public

[ 2018-10-15T15:06:12+08:00 ] ::1 /testproject/tp32admin/Public/admin/js/jquery.nanoscroller/jquery.nanoscroller.min.js.map
ERR: 无法加载控制器:Public

[ 2018-10-15T15:06:12+08:00 ] ::1 /testproject/tp32admin/Public/admin/js/bootstrap/dist/css/bootstrap.css.map
ERR: 无法加载控制器:Public

[ 2018-10-15T15:06:13+08:00 ] ::1 /testproject/tp32admin/Public/admin/js/bootstrap/dist/css/bootstrap.css.map
ERR: 无法加载控制器:Public

[ 2018-10-15T15:06:13+08:00 ] ::1 /testproject/tp32admin/Public/admin/js/jquery.nanoscroller/jquery.nanoscroller.min.js.map
ERR: 无法加载控制器:Public

[ 2018-10-15T15:06:15+08:00 ] ::1 /testproject/tp32admin/Public/admin/js/bootstrap/dist/css/bootstrap.css.map
ERR: 无法加载控制器:Public

[ 2018-10-15T15:06:15+08:00 ] ::1 /testproject/tp32admin/Public/admin/js/jquery.nanoscroller/jquery.nanoscroller.min.js.map
ERR: 无法加载控制器:Public

[ 2018-10-15T15:06:18+08:00 ] ::1 /testproject/tp32admin/Public/admin/js/bootstrap/dist/css/bootstrap.css.map
ERR: 无法加载控制器:Public

[ 2018-10-15T15:06:18+08:00 ] ::1 /testproject/tp32admin/Public/admin/js/jquery.nanoscroller/jquery.nanoscroller.min.js.map
ERR: 无法加载控制器:Public

[ 2018-10-15T15:06:20+08:00 ] ::1 /testproject/tp32admin/Public/admin/js/bootstrap/dist/css/bootstrap.css.map
ERR: 无法加载控制器:Public

[ 2018-10-15T15:06:20+08:00 ] ::1 /testproject/tp32admin/Public/admin/js/jquery.nanoscroller/jquery.nanoscroller.min.js.map
ERR: 无法加载控制器:Public

[ 2018-10-15T15:06:21+08:00 ] ::1 /testproject/tp32admin/Public/admin/js/bootstrap/dist/css/bootstrap.css.map
ERR: 无法加载控制器:Public

[ 2018-10-15T15:06:21+08:00 ] ::1 /testproject/tp32admin/Public/admin/js/jquery.nanoscroller/jquery.nanoscroller.min.js.map
ERR: 无法加载控制器:Public

[ 2018-10-15T15:06:21+08:00 ] ::1 /testproject/tp32admin/Public/admin/js/bootstrap/dist/css/bootstrap.css.map
ERR: 无法加载控制器:Public

[ 2018-10-15T15:06:21+08:00 ] ::1 /testproject/tp32admin/Public/admin/js/jquery.nanoscroller/jquery.nanoscroller.min.js.map
ERR: 无法加载控制器:Public

[ 2018-10-15T15:12:24+08:00 ] ::1 /testproject/tp32admin/Public/admin/js/jquery.nanoscroller/jquery.nanoscroller.min.js.map
ERR: 无法加载控制器:Public

[ 2018-10-15T15:12:24+08:00 ] ::1 /testproject/tp32admin/Public/admin/js/bootstrap/dist/css/bootstrap.css.map
ERR: 无法加载控制器:Public

[ 2018-10-15T15:12:25+08:00 ] ::1 /testproject/tp32admin/Public/admin/js/jquery.nanoscroller/jquery.nanoscroller.min.js.map
ERR: 无法加载控制器:Public

[ 2018-10-15T15:12:25+08:00 ] ::1 /testproject/tp32admin/Public/admin/js/bootstrap/dist/css/bootstrap.css.map
ERR: 无法加载控制器:Public

[ 2018-10-15T15:12:25+08:00 ] ::1 /testproject/tp32admin/Public/admin/js/jquery.nanoscroller/jquery.nanoscroller.min.js.map
ERR: 无法加载控制器:Public

[ 2018-10-15T15:12:25+08:00 ] ::1 /testproject/tp32admin/Public/admin/js/jquery.nanoscroller/jquery.nanoscroller.min.js.map
ERR: 无法加载控制器:Public

[ 2018-10-15T15:12:25+08:00 ] ::1 /testproject/tp32admin/Public/admin/js/bootstrap/dist/css/bootstrap.css.map
ERR: 无法加载控制器:Public

[ 2018-10-15T15:12:25+08:00 ] ::1 /testproject/tp32admin/Public/admin/js/jquery.nanoscroller/jquery.nanoscroller.min.js.map
ERR: 无法加载控制器:Public

[ 2018-10-15T15:15:07+08:00 ] ::1 /testproject/tp32admin/Public/admin/js/bootstrap/dist/css/bootstrap.css.map
ERR: 无法加载控制器:Public

[ 2018-10-15T15:15:08+08:00 ] ::1 /testproject/tp32admin/Public/admin/js/jquery.nanoscroller/jquery.nanoscroller.min.js.map
ERR: 无法加载控制器:Public

[ 2018-10-15T15:15:18+08:00 ] ::1 /testproject/tp32admin/Public/admin/js/jquery.nanoscroller/jquery.nanoscroller.min.js.map
ERR: 无法加载控制器:Public

[ 2018-10-15T15:15:18+08:00 ] ::1 /testproject/tp32admin/Public/admin/js/bootstrap/dist/css/bootstrap.css.map
ERR: 无法加载控制器:Public

[ 2018-10-15T15:15:18+08:00 ] ::1 /testproject/tp32admin/Public/admin/js/jquery.nanoscroller/jquery.nanoscroller.min.js.map
ERR: 无法加载控制器:Public

[ 2018-10-15T15:15:18+08:00 ] ::1 /testproject/tp32admin/Public/admin/js/bootstrap/dist/css/bootstrap.css.map
ERR: 无法加载控制器:Public

[ 2018-10-15T15:15:18+08:00 ] ::1 /testproject/tp32admin/Public/admin/js/jquery.nanoscroller/jquery.nanoscroller.min.js.map
ERR: 无法加载控制器:Public

[ 2018-10-15T15:15:18+08:00 ] ::1 /testproject/tp32admin/Public/admin/js/jquery.nanoscroller/jquery.nanoscroller.min.js.map
ERR: 无法加载控制器:Public

[ 2018-10-15T15:15:18+08:00 ] ::1 /testproject/tp32admin/Public/admin/js/bootstrap/dist/css/bootstrap.css.map
ERR: 无法加载控制器:Public

[ 2018-10-15T15:15:19+08:00 ] ::1 /testproject/tp32admin/Public/admin/js/jquery.nanoscroller/jquery.nanoscroller.min.js.map
ERR: 无法加载控制器:Public

[ 2018-10-15T15:15:21+08:00 ] ::1 /testproject/tp32admin/Public/admin/js/jquery.nanoscroller/jquery.nanoscroller.min.js.map
ERR: 无法加载控制器:Public

[ 2018-10-15T15:15:21+08:00 ] ::1 /testproject/tp32admin/Public/admin/js/bootstrap/dist/css/bootstrap.css.map
ERR: 无法加载控制器:Public

[ 2018-10-15T15:15:21+08:00 ] ::1 /testproject/tp32admin/Public/admin/js/jquery.nanoscroller/jquery.nanoscroller.min.js.map
ERR: 无法加载控制器:Public

[ 2018-10-15T15:15:21+08:00 ] ::1 /testproject/tp32admin/Public/admin/js/bootstrap/dist/css/bootstrap.css.map
ERR: 无法加载控制器:Public

[ 2018-10-15T15:15:21+08:00 ] ::1 /testproject/tp32admin/Public/admin/js/jquery.nanoscroller/jquery.nanoscroller.min.js.map
ERR: 无法加载控制器:Public

[ 2018-10-15T15:15:21+08:00 ] ::1 /testproject/tp32admin/Public/admin/js/bootstrap/dist/css/bootstrap.css.map
ERR: 无法加载控制器:Public

[ 2018-10-15T15:15:21+08:00 ] ::1 /testproject/tp32admin/Public/admin/js/jquery.nanoscroller/jquery.nanoscroller.min.js.map
ERR: 无法加载控制器:Public

[ 2018-10-15T15:15:21+08:00 ] ::1 /testproject/tp32admin/Public/admin/js/bootstrap/dist/css/bootstrap.css.map
ERR: 无法加载控制器:Public

[ 2018-10-15T15:43:27+08:00 ] ::1 /testproject/tp32admin/Public/admin/js/jquery.nanoscroller/jquery.nanoscroller.min.js.map
ERR: 无法加载控制器:Public

[ 2018-10-15T15:43:27+08:00 ] ::1 /testproject/tp32admin/Public/admin/js/bootstrap/dist/css/bootstrap.css.map
ERR: 无法加载控制器:Public

[ 2018-10-15T15:43:28+08:00 ] ::1 /testproject/tp32admin/Public/admin/js/bootstrap/dist/css/bootstrap.css.map
ERR: 无法加载控制器:Public

[ 2018-10-15T15:43:28+08:00 ] ::1 /testproject/tp32admin/Public/admin/js/jquery.nanoscroller/jquery.nanoscroller.min.js.map
ERR: 无法加载控制器:Public

[ 2018-10-15T15:43:28+08:00 ] ::1 /testproject/tp32admin/Public/admin/js/bootstrap/dist/css/bootstrap.css.map
ERR: 无法加载控制器:Public

[ 2018-10-15T15:43:28+08:00 ] ::1 /testproject/tp32admin/Public/admin/js/jquery.nanoscroller/jquery.nanoscroller.min.js.map
ERR: 无法加载控制器:Public

[ 2018-10-15T15:43:28+08:00 ] ::1 /testproject/tp32admin/Public/admin/js/bootstrap/dist/css/bootstrap.css.map
ERR: 无法加载控制器:Public

[ 2018-10-15T15:43:28+08:00 ] ::1 /testproject/tp32admin/Public/admin/js/jquery.nanoscroller/jquery.nanoscroller.min.js.map
ERR: 无法加载控制器:Public

[ 2018-10-15T15:43:32+08:00 ] ::1 /testproject/tp32admin/Public/admin/js/jquery.nanoscroller/jquery.nanoscroller.min.js.map
ERR: 无法加载控制器:Public

[ 2018-10-15T15:43:32+08:00 ] ::1 /testproject/tp32admin/Public/admin/js/bootstrap/dist/css/bootstrap.css.map
ERR: 无法加载控制器:Public

[ 2018-10-15T15:44:42+08:00 ] ::1 /testproject/tp32admin/Public/admin/js/jquery.nanoscroller/jquery.nanoscroller.min.js.map
ERR: 无法加载控制器:Public

[ 2018-10-15T15:44:42+08:00 ] ::1 /testproject/tp32admin/Public/admin/js/bootstrap/dist/css/bootstrap.css.map
ERR: 无法加载控制器:Public

[ 2018-10-15T15:44:43+08:00 ] ::1 /testproject/tp32admin/Public/admin/js/bootstrap/dist/css/bootstrap.css.map
ERR: 无法加载控制器:Public

[ 2018-10-15T15:44:43+08:00 ] ::1 /testproject/tp32admin/Public/admin/js/jquery.nanoscroller/jquery.nanoscroller.min.js.map
ERR: 无法加载控制器:Public

[ 2018-10-15T15:44:43+08:00 ] ::1 /testproject/tp32admin/Public/admin/js/jquery.nanoscroller/jquery.nanoscroller.min.js.map
ERR: 无法加载控制器:Public

[ 2018-10-15T15:44:43+08:00 ] ::1 /testproject/tp32admin/Public/admin/js/bootstrap/dist/css/bootstrap.css.map
ERR: 无法加载控制器:Public

[ 2018-10-15T15:44:43+08:00 ] ::1 /testproject/tp32admin/Public/admin/js/bootstrap/dist/css/bootstrap.css.map
ERR: 无法加载控制器:Public

[ 2018-10-15T15:44:43+08:00 ] ::1 /testproject/tp32admin/Public/admin/js/jquery.nanoscroller/jquery.nanoscroller.min.js.map
ERR: 无法加载控制器:Public

[ 2018-10-15T15:44:46+08:00 ] ::1 /testproject/tp32admin/Public/admin/js/jquery.nanoscroller/jquery.nanoscroller.min.js.map
ERR: 无法加载控制器:Public

[ 2018-10-15T15:44:46+08:00 ] ::1 /testproject/tp32admin/Public/admin/js/bootstrap/dist/css/bootstrap.css.map
ERR: 无法加载控制器:Public

[ 2018-10-15T15:44:48+08:00 ] ::1 /testproject/tp32admin/Public/admin/js/jquery.nanoscroller/jquery.nanoscroller.min.js.map
ERR: 无法加载控制器:Public

[ 2018-10-15T15:44:48+08:00 ] ::1 /testproject/tp32admin/Public/admin/js/bootstrap/dist/css/bootstrap.css.map
ERR: 无法加载控制器:Public

[ 2018-10-15T15:44:49+08:00 ] ::1 /testproject/tp32admin/Public/admin/js/jquery.nanoscroller/jquery.nanoscroller.min.js.map
ERR: 无法加载控制器:Public

[ 2018-10-15T15:44:49+08:00 ] ::1 /testproject/tp32admin/Public/admin/js/bootstrap/dist/css/bootstrap.css.map
ERR: 无法加载控制器:Public

[ 2018-10-15T15:44:49+08:00 ] ::1 /testproject/tp32admin/Public/admin/js/jquery.nanoscroller/jquery.nanoscroller.min.js.map
ERR: 无法加载控制器:Public

[ 2018-10-15T15:44:49+08:00 ] ::1 /testproject/tp32admin/Public/admin/js/bootstrap/dist/css/bootstrap.css.map
ERR: 无法加载控制器:Public

[ 2018-10-15T15:44:56+08:00 ] ::1 /testproject/tp32admin/Public/admin/js/jquery.nanoscroller/jquery.nanoscroller.min.js.map
ERR: 无法加载控制器:Public

[ 2018-10-15T15:44:56+08:00 ] ::1 /testproject/tp32admin/Public/admin/js/bootstrap/dist/css/bootstrap.css.map
ERR: 无法加载控制器:Public

[ 2018-10-15T15:44:56+08:00 ] ::1 /testproject/tp32admin/Public/admin/js/bootstrap/dist/css/bootstrap.css.map
ERR: 无法加载控制器:Public

[ 2018-10-15T15:44:56+08:00 ] ::1 /testproject/tp32admin/Public/admin/js/jquery.nanoscroller/jquery.nanoscroller.min.js.map
ERR: 无法加载控制器:Public

[ 2018-10-15T15:44:56+08:00 ] ::1 /testproject/tp32admin/Public/admin/js/bootstrap/dist/css/bootstrap.css.map
ERR: 无法加载控制器:Public

[ 2018-10-15T15:44:56+08:00 ] ::1 /testproject/tp32admin/Public/admin/js/jquery.nanoscroller/jquery.nanoscroller.min.js.map
ERR: 无法加载控制器:Public

[ 2018-10-15T15:44:57+08:00 ] ::1 /testproject/tp32admin/Public/admin/js/bootstrap/dist/css/bootstrap.css.map
ERR: 无法加载控制器:Public

[ 2018-10-15T15:44:57+08:00 ] ::1 /testproject/tp32admin/Public/admin/js/jquery.nanoscroller/jquery.nanoscroller.min.js.map
ERR: 无法加载控制器:Public

[ 2018-10-15T15:45:11+08:00 ] ::1 /testproject/tp32admin/Public/admin/js/jquery.nanoscroller/jquery.nanoscroller.min.js.map
ERR: 无法加载控制器:Public

[ 2018-10-15T15:45:11+08:00 ] ::1 /testproject/tp32admin/Public/admin/js/bootstrap/dist/css/bootstrap.css.map
ERR: 无法加载控制器:Public

[ 2018-10-15T15:45:11+08:00 ] ::1 /testproject/tp32admin/Public/admin/js/bootstrap/dist/css/bootstrap.css.map
ERR: 无法加载控制器:Public

[ 2018-10-15T15:45:11+08:00 ] ::1 /testproject/tp32admin/Public/admin/js/jquery.nanoscroller/jquery.nanoscroller.min.js.map
ERR: 无法加载控制器:Public

[ 2018-10-15T15:45:11+08:00 ] ::1 /testproject/tp32admin/Public/admin/js/bootstrap/dist/css/bootstrap.css.map
ERR: 无法加载控制器:Public

[ 2018-10-15T15:45:11+08:00 ] ::1 /testproject/tp32admin/Public/admin/js/jquery.nanoscroller/jquery.nanoscroller.min.js.map
ERR: 无法加载控制器:Public

[ 2018-10-15T15:45:11+08:00 ] ::1 /testproject/tp32admin/Public/admin/js/bootstrap/dist/css/bootstrap.css.map
ERR: 无法加载控制器:Public

[ 2018-10-15T15:45:11+08:00 ] ::1 /testproject/tp32admin/Public/admin/js/jquery.nanoscroller/jquery.nanoscroller.min.js.map
ERR: 无法加载控制器:Public

[ 2018-10-15T15:45:12+08:00 ] ::1 /testproject/tp32admin/Public/admin/js/jquery.nanoscroller/jquery.nanoscroller.min.js.map
ERR: 无法加载控制器:Public

[ 2018-10-15T15:45:12+08:00 ] ::1 /testproject/tp32admin/Public/admin/js/bootstrap/dist/css/bootstrap.css.map
ERR: 无法加载控制器:Public

[ 2018-10-15T17:39:33+08:00 ] ::1 /TestProject/TP32Admin/?XDEBUG_SESSION_START=11658
INFO: [ app_init ] --START--
INFO: Run Behavior\BuildLiteBehavior [ RunTime:0.000439s ]
INFO: [ app_init ] --END-- [ RunTime:0.003861s ]
INFO: [ app_begin ] --START--
INFO: Run Behavior\ReadHtmlCacheBehavior [ RunTime:0.002865s ]
INFO: [ app_begin ] --END-- [ RunTime:0.005041s ]
INFO: [ view_parse ] --START--
INFO: [ template_filter ] --START--
INFO: Run Behavior\ContentReplaceBehavior [ RunTime:0.000864s ]
INFO: [ template_filter ] --END-- [ RunTime:0.002800s ]
INFO: Run Behavior\ParseTemplateBehavior [ RunTime:0.041462s ]
INFO: [ view_parse ] --END-- [ RunTime:0.043099s ]
INFO: [ view_filter ] --START--
INFO: Run Behavior\WriteHtmlCacheBehavior [ RunTime:0.004240s ]
INFO: [ view_filter ] --END-- [ RunTime:0.006286s ]
INFO: [ app_end ] --START--
INFO: Run Behavior\ShowPageTraceBehavior [ RunTime:0.001840s ]
INFO: [ app_end ] --END-- [ RunTime:0.003386s ]

