[ 2018-10-22T15:19:15+08:00 ] ::1 /TestProject/TP32Admin/
INFO: [ app_init ] --START--
INFO: Run Behavior\BuildLiteBehavior [ RunTime:0.000284s ]
INFO: [ app_init ] --END-- [ RunTime:0.016302s ]
INFO: [ app_begin ] --START--
INFO: Run Behavior\ReadHtmlCacheBehavior [ RunTime:0.012946s ]
INFO: [ app_begin ] --END-- [ RunTime:0.013795s ]
INFO: [ view_parse ] --START--
INFO: [ template_filter ] --START--
INFO: Run Behavior\ContentReplaceBehavior [ RunTime:0.015701s ]
INFO: [ template_filter ] --END-- [ RunTime:0.018324s ]
INFO: Run Behavior\ParseTemplateBehavior [ RunTime:0.157383s ]
INFO: [ view_parse ] --END-- [ RunTime:0.158419s ]
INFO: [ view_filter ] --START--
INFO: Run Behavior\WriteHtmlCacheBehavior [ RunTime:0.016726s ]
INFO: [ view_filter ] --END-- [ RunTime:0.017943s ]
INFO: [ app_end ] --START--
INFO: Run Behavior\ShowPageTraceBehavior [ RunTime:0.014484s ]
INFO: [ app_end ] --END-- [ RunTime:0.016680s ]

[ 2018-10-22T15:20:59+08:00 ] ::1 /TestProject/TP32Admin/?XDEBUG_SESSION_START=16253
INFO: [ app_init ] --START--
INFO: Run Behavior\BuildLiteBehavior [ RunTime:0.000263s ]
INFO: [ app_init ] --END-- [ RunTime:0.002534s ]
INFO: [ app_begin ] --START--
INFO: Run Behavior\ReadHtmlCacheBehavior [ RunTime:0.002905s ]
INFO: [ app_begin ] --END-- [ RunTime:0.005786s ]
INFO: [ view_parse ] --START--
INFO: [ template_filter ] --START--
INFO: Run Behavior\ContentReplaceBehavior [ RunTime:0.000932s ]
INFO: [ template_filter ] --END-- [ RunTime:0.002280s ]
INFO: Run Behavior\ParseTemplateBehavior [ RunTime:0.046748s ]
INFO: [ view_parse ] --END-- [ RunTime:0.049869s ]
INFO: [ view_filter ] --START--
INFO: Run Behavior\WriteHtmlCacheBehavior [ RunTime:0.002452s ]
INFO: [ view_filter ] --END-- [ RunTime:0.003621s ]
INFO: [ app_end ] --START--
INFO: Run Behavior\ShowPageTraceBehavior [ RunTime:0.004265s ]
INFO: [ app_end ] --END-- [ RunTime:0.006129s ]

[ 2018-10-22T15:22:52+08:00 ] ::1 /TestProject/TP32Admin/?XDEBUG_SESSION_START=16331
INFO: [ app_init ] --START--
INFO: Run Behavior\BuildLiteBehavior [ RunTime:0.000354s ]
INFO: [ app_init ] --END-- [ RunTime:0.002764s ]
INFO: [ app_begin ] --START--
INFO: Run Behavior\ReadHtmlCacheBehavior [ RunTime:0.001616s ]
INFO: [ app_begin ] --END-- [ RunTime:0.003000s ]
INFO: [ view_parse ] --START--
INFO: [ template_filter ] --START--
INFO: Run Behavior\ContentReplaceBehavior [ RunTime:0.000655s ]
INFO: [ template_filter ] --END-- [ RunTime:0.001731s ]
INFO: Run Behavior\ParseTemplateBehavior [ RunTime:0.042364s ]
INFO: [ view_parse ] --END-- [ RunTime:0.045144s ]
INFO: [ view_filter ] --START--
INFO: Run Behavior\WriteHtmlCacheBehavior [ RunTime:0.002323s ]
INFO: [ view_filter ] --END-- [ RunTime:0.003536s ]
INFO: [ app_end ] --START--
INFO: Run Behavior\ShowPageTraceBehavior [ RunTime:0.005878s ]
INFO: [ app_end ] --END-- [ RunTime:0.007687s ]

[ 2018-10-22T16:04:10+08:00 ] ::1 /TestProject/TP32Admin/Public/admin/js/jquery.nanoscroller/jquery.nanoscroller.min.js.map
INFO: [ app_init ] --START--
INFO: Run Behavior\BuildLiteBehavior [ RunTime:0.000392s ]
INFO: [ app_init ] --END-- [ RunTime:0.004944s ]
INFO: [ app_begin ] --START--
INFO: Run Behavior\ReadHtmlCacheBehavior [ RunTime:0.001851s ]
INFO: [ app_begin ] --END-- [ RunTime:0.002811s ]
ERR: 无法加载控制器:Public

[ 2018-10-22T16:04:11+08:00 ] ::1 /TestProject/TP32Admin/Public/admin/js/bootstrap/dist/css/bootstrap.css.map
INFO: [ app_init ] --START--
INFO: Run Behavior\BuildLiteBehavior [ RunTime:0.000197s ]
INFO: [ app_init ] --END-- [ RunTime:0.001865s ]
INFO: [ app_begin ] --START--
INFO: Run Behavior\ReadHtmlCacheBehavior [ RunTime:0.001823s ]
INFO: [ app_begin ] --END-- [ RunTime:0.002717s ]
ERR: 无法加载控制器:Public

[ 2018-10-22T16:22:00+08:00 ] ::1 /TestProject/TP32Admin/Public/admin/js/bootstrap/dist/css/bootstrap.css.map
INFO: [ app_init ] --START--
INFO: Run Behavior\BuildLiteBehavior [ RunTime:0.000179s ]
INFO: [ app_init ] --END-- [ RunTime:0.001656s ]
INFO: [ app_begin ] --START--
INFO: Run Behavior\ReadHtmlCacheBehavior [ RunTime:0.001968s ]
INFO: [ app_begin ] --END-- [ RunTime:0.003116s ]
ERR: 无法加载控制器:Public

[ 2018-10-22T16:22:00+08:00 ] ::1 /TestProject/TP32Admin/Public/admin/js/jquery.nanoscroller/jquery.nanoscroller.min.js.map
INFO: [ app_init ] --START--
INFO: Run Behavior\BuildLiteBehavior [ RunTime:0.000307s ]
INFO: [ app_init ] --END-- [ RunTime:0.002719s ]
INFO: [ app_begin ] --START--
INFO: Run Behavior\ReadHtmlCacheBehavior [ RunTime:0.001861s ]
INFO: [ app_begin ] --END-- [ RunTime:0.002741s ]
ERR: 无法加载控制器:Public

[ 2018-10-22T16:22:01+08:00 ] ::1 /TestProject/TP32Admin/Public/admin/js/jquery.nanoscroller/jquery.nanoscroller.min.js.map
INFO: [ app_init ] --START--
INFO: Run Behavior\BuildLiteBehavior [ RunTime:0.000152s ]
INFO: [ app_init ] --END-- [ RunTime:0.001417s ]
INFO: [ app_begin ] --START--
INFO: Run Behavior\ReadHtmlCacheBehavior [ RunTime:0.001479s ]
INFO: [ app_begin ] --END-- [ RunTime:0.002248s ]
ERR: 无法加载控制器:Public

[ 2018-10-22T16:22:01+08:00 ] ::1 /TestProject/TP32Admin/Public/admin/js/bootstrap/dist/css/bootstrap.css.map
INFO: [ app_init ] --START--
INFO: Run Behavior\BuildLiteBehavior [ RunTime:0.000177s ]
INFO: [ app_init ] --END-- [ RunTime:0.001563s ]
INFO: [ app_begin ] --START--
INFO: Run Behavior\ReadHtmlCacheBehavior [ RunTime:0.001648s ]
INFO: [ app_begin ] --END-- [ RunTime:0.002479s ]
ERR: 无法加载控制器:Public

[ 2018-10-22T16:26:56+08:00 ] ::1 /TestProject/TP32Admin/Public/admin/js/jquery.nanoscroller/jquery.nanoscroller.min.js.map
INFO: [ app_init ] --START--
INFO: Run Behavior\BuildLiteBehavior [ RunTime:0.000316s ]
INFO: [ app_init ] --END-- [ RunTime:0.002969s ]
INFO: [ app_begin ] --START--
INFO: Run Behavior\ReadHtmlCacheBehavior [ RunTime:0.008040s ]
INFO: [ app_begin ] --END-- [ RunTime:0.010478s ]
ERR: 无法加载控制器:Public

[ 2018-10-22T16:26:56+08:00 ] ::1 /TestProject/TP32Admin/Public/admin/js/bootstrap/dist/css/bootstrap.css.map
INFO: [ app_init ] --START--
INFO: Run Behavior\BuildLiteBehavior [ RunTime:0.002159s ]
INFO: [ app_init ] --END-- [ RunTime:0.005421s ]
INFO: [ app_begin ] --START--
INFO: Run Behavior\ReadHtmlCacheBehavior [ RunTime:0.003057s ]
INFO: [ app_begin ] --END-- [ RunTime:0.004744s ]
ERR: 无法加载控制器:Public

[ 2018-10-22T16:26:57+08:00 ] ::1 /TestProject/TP32Admin/Public/admin/js/jquery.nanoscroller/jquery.nanoscroller.min.js.map
INFO: [ app_init ] --START--
INFO: Run Behavior\BuildLiteBehavior [ RunTime:0.000182s ]
INFO: [ app_init ] --END-- [ RunTime:0.002228s ]
INFO: [ app_begin ] --START--
INFO: Run Behavior\ReadHtmlCacheBehavior [ RunTime:0.002057s ]
INFO: [ app_begin ] --END-- [ RunTime:0.003121s ]
ERR: 无法加载控制器:Public

[ 2018-10-22T16:26:57+08:00 ] ::1 /TestProject/TP32Admin/Public/admin/js/bootstrap/dist/css/bootstrap.css.map
INFO: [ app_init ] --START--
INFO: Run Behavior\BuildLiteBehavior [ RunTime:0.000199s ]
INFO: [ app_init ] --END-- [ RunTime:0.001770s ]
INFO: [ app_begin ] --START--
INFO: Run Behavior\ReadHtmlCacheBehavior [ RunTime:0.002253s ]
INFO: [ app_begin ] --END-- [ RunTime:0.003098s ]
ERR: 无法加载控制器:Public

[ 2018-10-22T16:26:57+08:00 ] ::1 /TestProject/TP32Admin/Public/admin/js/jquery.nanoscroller/jquery.nanoscroller.min.js.map
INFO: [ app_init ] --START--
INFO: Run Behavior\BuildLiteBehavior [ RunTime:0.000183s ]
INFO: [ app_init ] --END-- [ RunTime:0.001926s ]
INFO: [ app_begin ] --START--
INFO: Run Behavior\ReadHtmlCacheBehavior [ RunTime:0.002292s ]
INFO: [ app_begin ] --END-- [ RunTime:0.003315s ]
ERR: 无法加载控制器:Public

[ 2018-10-22T16:30:10+08:00 ] ::1 /TestProject/TP32Admin/Public/admin/js/jquery.nanoscroller/jquery.nanoscroller.min.js.map
INFO: [ app_init ] --START--
INFO: Run Behavior\BuildLiteBehavior [ RunTime:0.000222s ]
INFO: [ app_init ] --END-- [ RunTime:0.002605s ]
INFO: [ app_begin ] --START--
INFO: Run Behavior\ReadHtmlCacheBehavior [ RunTime:0.003138s ]
INFO: [ app_begin ] --END-- [ RunTime:0.004698s ]
ERR: 无法加载控制器:Public

[ 2018-10-22T16:30:10+08:00 ] ::1 /TestProject/TP32Admin/Public/admin/js/bootstrap/dist/css/bootstrap.css.map
INFO: [ app_init ] --START--
INFO: Run Behavior\BuildLiteBehavior [ RunTime:0.000498s ]
INFO: [ app_init ] --END-- [ RunTime:0.005510s ]
INFO: [ app_begin ] --START--
INFO: Run Behavior\ReadHtmlCacheBehavior [ RunTime:0.003305s ]
INFO: [ app_begin ] --END-- [ RunTime:0.004902s ]
ERR: 无法加载控制器:Public

[ 2018-10-22T16:30:10+08:00 ] ::1 /TestProject/TP32Admin/Public/admin/js/bootstrap/dist/css/bootstrap.css.map
INFO: [ app_init ] --START--
INFO: Run Behavior\BuildLiteBehavior [ RunTime:0.000197s ]
INFO: [ app_init ] --END-- [ RunTime:0.001899s ]
INFO: [ app_begin ] --START--
INFO: Run Behavior\ReadHtmlCacheBehavior [ RunTime:0.002061s ]
INFO: [ app_begin ] --END-- [ RunTime:0.003342s ]
ERR: 无法加载控制器:Public

[ 2018-10-22T16:30:10+08:00 ] ::1 /TestProject/TP32Admin/Public/admin/js/jquery.nanoscroller/jquery.nanoscroller.min.js.map
INFO: [ app_init ] --START--
INFO: Run Behavior\BuildLiteBehavior [ RunTime:0.000275s ]
INFO: [ app_init ] --END-- [ RunTime:0.001856s ]
INFO: [ app_begin ] --START--
INFO: Run Behavior\ReadHtmlCacheBehavior [ RunTime:0.002254s ]
INFO: [ app_begin ] --END-- [ RunTime:0.003488s ]
ERR: 无法加载控制器:Public

[ 2018-10-22T16:30:10+08:00 ] ::1 /TestProject/TP32Admin/Public/admin/js/bootstrap/dist/css/bootstrap.css.map
INFO: [ app_init ] --START--
INFO: Run Behavior\BuildLiteBehavior [ RunTime:0.000160s ]
INFO: [ app_init ] --END-- [ RunTime:0.001469s ]
INFO: [ app_begin ] --START--
INFO: Run Behavior\ReadHtmlCacheBehavior [ RunTime:0.001739s ]
INFO: [ app_begin ] --END-- [ RunTime:0.002561s ]
ERR: 无法加载控制器:Public

[ 2018-10-22T16:30:10+08:00 ] ::1 /TestProject/TP32Admin/Public/admin/js/jquery.nanoscroller/jquery.nanoscroller.min.js.map
INFO: [ app_init ] --START--
INFO: Run Behavior\BuildLiteBehavior [ RunTime:0.000140s ]
INFO: [ app_init ] --END-- [ RunTime:0.001280s ]
INFO: [ app_begin ] --START--
INFO: Run Behavior\ReadHtmlCacheBehavior [ RunTime:0.001737s ]
INFO: [ app_begin ] --END-- [ RunTime:0.002470s ]
ERR: 无法加载控制器:Public

