[ 2018-10-26T10:11:45+08:00 ] ::1 /TestProject/TP32Admin/
INFO: [ app_init ] --START--
INFO: Run Behavior\BuildLiteBehavior [ RunTime:0.000179s ]
INFO: [ app_init ] --END-- [ RunTime:0.015033s ]
INFO: [ app_begin ] --START--
INFO: Run Behavior\ReadHtmlCacheBehavior [ RunTime:0.012811s ]
INFO: [ app_begin ] --END-- [ RunTime:0.013618s ]
INFO: [ view_parse ] --START--
INFO: [ template_filter ] --START--
INFO: Run Behavior\ContentReplaceBehavior [ RunTime:0.009599s ]
INFO: [ template_filter ] --END-- [ RunTime:0.016399s ]
INFO: Run Behavior\ParseTemplateBehavior [ RunTime:0.134631s ]
INFO: [ view_parse ] --END-- [ RunTime:0.135939s ]
INFO: [ view_filter ] --START--
INFO: Run Behavior\WriteHtmlCacheBehavior [ RunTime:0.022462s ]
INFO: [ view_filter ] --END-- [ RunTime:0.024851s ]
INFO: [ app_end ] --START--
INFO: Run Behavior\ShowPageTraceBehavior [ RunTime:0.013402s ]
INFO: [ app_end ] --END-- [ RunTime:0.015862s ]

[ 2018-10-26T10:14:17+08:00 ] ::1 /TestProject/TP32Admin/?XDEBUG_SESSION_START=10877
INFO: [ app_init ] --START--
INFO: Run Behavior\BuildLiteBehavior [ RunTime:0.001219s ]
INFO: [ app_init ] --END-- [ RunTime:0.005680s ]
INFO: [ app_begin ] --START--
INFO: Run Behavior\ReadHtmlCacheBehavior [ RunTime:0.003228s ]
INFO: [ app_begin ] --END-- [ RunTime:0.005833s ]
INFO: [ view_parse ] --START--
INFO: [ template_filter ] --START--
INFO: Run Behavior\ContentReplaceBehavior [ RunTime:0.000961s ]
INFO: [ template_filter ] --END-- [ RunTime:0.004352s ]
INFO: Run Behavior\ParseTemplateBehavior [ RunTime:0.032713s ]
INFO: [ view_parse ] --END-- [ RunTime:0.033735s ]
INFO: [ view_filter ] --START--
INFO: Run Behavior\WriteHtmlCacheBehavior [ RunTime:0.001618s ]
INFO: [ view_filter ] --END-- [ RunTime:0.003932s ]
INFO: [ app_end ] --START--
INFO: Run Behavior\ShowPageTraceBehavior [ RunTime:0.002686s ]
INFO: [ app_end ] --END-- [ RunTime:0.005862s ]

