[ 2018-10-12T09:19:53+08:00 ] ::1 /TestProject/TP32Admin/Public/admin/js/jquery.nanoscroller/jquery.nanoscroller.min.js.map
ERR: 无法加载控制器:Public

[ 2018-10-12T09:19:53+08:00 ] ::1 /TestProject/TP32Admin/Public/admin/js/bootstrap/dist/css/bootstrap.css.map
ERR: 无法加载控制器:Public

[ 2018-10-12T09:52:16+08:00 ] ::1 /TestProject/TP32Admin/Public/admin/js/jquery.nanoscroller/jquery.nanoscroller.min.js.map
ERR: 无法加载控制器:Public

[ 2018-10-12T09:52:16+08:00 ] ::1 /TestProject/TP32Admin/Public/admin/js/bootstrap/dist/css/bootstrap.css.map
ERR: 无法加载控制器:Public

[ 2018-10-12T09:53:02+08:00 ] ::1 /TestProject/TP32Admin/Public/admin/js/bootstrap/dist/css/bootstrap.css.map
ERR: 无法加载控制器:Public

[ 2018-10-12T09:53:03+08:00 ] ::1 /TestProject/TP32Admin/Public/admin/js/jquery.nanoscroller/jquery.nanoscroller.min.js.map
ERR: 无法加载控制器:Public

[ 2018-10-12T09:53:07+08:00 ] ::1 /TestProject/TP32Admin/Public/admin/js/jquery.nanoscroller/jquery.nanoscroller.min.js.map
ERR: 无法加载控制器:Public

[ 2018-10-12T09:53:07+08:00 ] ::1 /TestProject/TP32Admin/Public/admin/js/bootstrap/dist/css/bootstrap.css.map
ERR: 无法加载控制器:Public

[ 2018-10-12T09:53:08+08:00 ] ::1 /TestProject/TP32Admin/Public/admin/js/jquery.nanoscroller/jquery.nanoscroller.min.js.map
ERR: 无法加载控制器:Public

[ 2018-10-12T09:53:08+08:00 ] ::1 /TestProject/TP32Admin/Public/admin/js/bootstrap/dist/css/bootstrap.css.map
ERR: 无法加载控制器:Public

[ 2018-10-12T09:53:08+08:00 ] ::1 /TestProject/TP32Admin/Public/admin/js/jquery.nanoscroller/jquery.nanoscroller.min.js.map
ERR: 无法加载控制器:Public

[ 2018-10-12T09:53:11+08:00 ] ::1 /TestProject/TP32Admin/Public/admin/js/jquery.nanoscroller/jquery.nanoscroller.min.js.map
ERR: 无法加载控制器:Public

[ 2018-10-12T09:53:11+08:00 ] ::1 /TestProject/TP32Admin/Public/admin/js/bootstrap/dist/css/bootstrap.css.map
ERR: 无法加载控制器:Public

[ 2018-10-12T09:55:03+08:00 ] ::1 /TestProject/TP32Admin/Public/admin/js/jquery.nanoscroller/jquery.nanoscroller.min.js.map
ERR: 无法加载控制器:Public

[ 2018-10-12T09:55:03+08:00 ] ::1 /TestProject/TP32Admin/Public/admin/js/bootstrap/dist/css/bootstrap.css.map
ERR: 无法加载控制器:Public

[ 2018-10-12T09:55:04+08:00 ] ::1 /TestProject/TP32Admin/Public/admin/js/bootstrap/dist/css/bootstrap.css.map
ERR: 无法加载控制器:Public

[ 2018-10-12T09:55:04+08:00 ] ::1 /TestProject/TP32Admin/Public/admin/js/jquery.nanoscroller/jquery.nanoscroller.min.js.map
ERR: 无法加载控制器:Public

[ 2018-10-12T09:55:19+08:00 ] ::1 /TestProject/TP32Admin/Public/admin/js/jquery.nanoscroller/jquery.nanoscroller.min.js.map
ERR: 无法加载控制器:Public

[ 2018-10-12T09:55:19+08:00 ] ::1 /TestProject/TP32Admin/Public/admin/js/bootstrap/dist/css/bootstrap.css.map
ERR: 无法加载控制器:Public

[ 2018-10-12T09:55:20+08:00 ] ::1 /TestProject/TP32Admin/Public/admin/js/jquery.nanoscroller/jquery.nanoscroller.min.js.map
ERR: 无法加载控制器:Public

[ 2018-10-12T09:55:20+08:00 ] ::1 /TestProject/TP32Admin/Public/admin/js/bootstrap/dist/css/bootstrap.css.map
ERR: 无法加载控制器:Public

[ 2018-10-12T09:55:50+08:00 ] ::1 /TestProject/TP32Admin/Public/admin/js/jquery.nanoscroller/jquery.nanoscroller.min.js.map
ERR: 无法加载控制器:Public

[ 2018-10-12T09:55:50+08:00 ] ::1 /TestProject/TP32Admin/Public/admin/js/bootstrap/dist/css/bootstrap.css.map
ERR: 无法加载控制器:Public

[ 2018-10-12T09:55:50+08:00 ] ::1 /TestProject/TP32Admin/Public/admin/js/jquery.nanoscroller/jquery.nanoscroller.min.js.map
ERR: 无法加载控制器:Public

[ 2018-10-12T09:56:46+08:00 ] ::1 /TestProject/TP32Admin/Public/admin/js/jquery.nanoscroller/jquery.nanoscroller.min.js.map
ERR: 无法加载控制器:Public

[ 2018-10-12T09:56:46+08:00 ] ::1 /TestProject/TP32Admin/Public/admin/js/bootstrap/dist/css/bootstrap.css.map
ERR: 无法加载控制器:Public

[ 2018-10-12T09:57:07+08:00 ] ::1 /TestProject/TP32Admin/Public/admin/js/jquery.nanoscroller/jquery.nanoscroller.min.js.map
ERR: 无法加载控制器:Public

[ 2018-10-12T09:57:07+08:00 ] ::1 /TestProject/TP32Admin/Public/admin/js/bootstrap/dist/css/bootstrap.css.map
ERR: 无法加载控制器:Public

[ 2018-10-12T09:57:07+08:00 ] ::1 /TestProject/TP32Admin/Public/admin/js/jquery.nanoscroller/jquery.nanoscroller.min.js.map
ERR: 无法加载控制器:Public

[ 2018-10-12T09:59:44+08:00 ] ::1 /TestProject/TP32Admin/Public/admin/js/jquery.nanoscroller/jquery.nanoscroller.min.js.map
ERR: 无法加载控制器:Public

[ 2018-10-12T09:59:44+08:00 ] ::1 /TestProject/TP32Admin/Public/admin/js/bootstrap/dist/css/bootstrap.css.map
ERR: 无法加载控制器:Public

[ 2018-10-12T09:59:44+08:00 ] ::1 /TestProject/TP32Admin/Public/admin/js/jquery.nanoscroller/jquery.nanoscroller.min.js.map
ERR: 无法加载控制器:Public

[ 2018-10-12T09:59:45+08:00 ] ::1 /TestProject/TP32Admin/Public/admin/js/jquery.nanoscroller/jquery.nanoscroller.min.js.map
ERR: 无法加载控制器:Public

[ 2018-10-12T09:59:46+08:00 ] ::1 /TestProject/TP32Admin/Public/admin/js/bootstrap/dist/css/bootstrap.css.map
ERR: 无法加载控制器:Public

[ 2018-10-12T09:59:46+08:00 ] ::1 /TestProject/TP32Admin/Public/admin/js/jquery.nanoscroller/jquery.nanoscroller.min.js.map
ERR: 无法加载控制器:Public

[ 2018-10-12T10:04:58+08:00 ] ::1 /TestProject/TP32Admin/Public/admin/js/bootstrap/dist/css/bootstrap.css.map
ERR: 无法加载控制器:Public

[ 2018-10-12T10:04:58+08:00 ] ::1 /TestProject/TP32Admin/Public/admin/js/jquery.nanoscroller/jquery.nanoscroller.min.js.map
ERR: 无法加载控制器:Public

[ 2018-10-12T10:04:59+08:00 ] ::1 /TestProject/TP32Admin/Public/admin/js/bootstrap/dist/css/bootstrap.css.map
ERR: 无法加载控制器:Public

[ 2018-10-12T10:04:59+08:00 ] ::1 /TestProject/TP32Admin/Public/admin/js/jquery.nanoscroller/jquery.nanoscroller.min.js.map
ERR: 无法加载控制器:Public

[ 2018-10-12T10:06:34+08:00 ] ::1 /TestProject/TP32Admin/Public/admin/js/jquery.nanoscroller/jquery.nanoscroller.min.js.map
ERR: 无法加载控制器:Public

[ 2018-10-12T10:06:35+08:00 ] ::1 /TestProject/TP32Admin/Public/admin/js/bootstrap/dist/css/bootstrap.css.map
ERR: 无法加载控制器:Public

[ 2018-10-12T10:06:35+08:00 ] ::1 /TestProject/TP32Admin/Public/admin/js/bootstrap/dist/css/bootstrap.css.map
ERR: 无法加载控制器:Public

[ 2018-10-12T10:06:35+08:00 ] ::1 /TestProject/TP32Admin/Public/admin/js/jquery.nanoscroller/jquery.nanoscroller.min.js.map
ERR: 无法加载控制器:Public

[ 2018-10-12T10:07:25+08:00 ] ::1 /TestProject/TP32Admin/Public/admin/js/jquery.nanoscroller/jquery.nanoscroller.min.js.map
ERR: 无法加载控制器:Public

[ 2018-10-12T10:07:25+08:00 ] ::1 /TestProject/TP32Admin/Public/admin/js/bootstrap/dist/css/bootstrap.css.map
ERR: 无法加载控制器:Public

[ 2018-10-12T10:07:26+08:00 ] ::1 /TestProject/TP32Admin/Public/admin/js/jquery.nanoscroller/jquery.nanoscroller.min.js.map
ERR: 无法加载控制器:Public

[ 2018-10-12T10:07:26+08:00 ] ::1 /TestProject/TP32Admin/Public/admin/js/bootstrap/dist/css/bootstrap.css.map
ERR: 无法加载控制器:Public

[ 2018-10-12T10:08:25+08:00 ] ::1 /TestProject/TP32Admin/Public/admin/js/jquery.nanoscroller/jquery.nanoscroller.min.js.map
ERR: 无法加载控制器:Public

[ 2018-10-12T10:08:25+08:00 ] ::1 /TestProject/TP32Admin/Public/admin/js/bootstrap/dist/css/bootstrap.css.map
ERR: 无法加载控制器:Public

[ 2018-10-12T10:08:26+08:00 ] ::1 /TestProject/TP32Admin/Public/admin/js/bootstrap/dist/css/bootstrap.css.map
ERR: 无法加载控制器:Public

[ 2018-10-12T10:08:26+08:00 ] ::1 /TestProject/TP32Admin/Public/admin/js/jquery.nanoscroller/jquery.nanoscroller.min.js.map
ERR: 无法加载控制器:Public

[ 2018-10-12T10:10:15+08:00 ] ::1 /TestProject/TP32Admin/Public/admin/js/bootstrap/dist/css/bootstrap.css.map
ERR: 无法加载控制器:Public

[ 2018-10-12T10:10:15+08:00 ] ::1 /TestProject/TP32Admin/Public/admin/js/jquery.nanoscroller/jquery.nanoscroller.min.js.map
ERR: 无法加载控制器:Public

[ 2018-10-12T10:10:16+08:00 ] ::1 /TestProject/TP32Admin/Public/admin/js/bootstrap/dist/css/bootstrap.css.map
ERR: 无法加载控制器:Public

[ 2018-10-12T10:10:16+08:00 ] ::1 /TestProject/TP32Admin/Public/admin/js/jquery.nanoscroller/jquery.nanoscroller.min.js.map
ERR: 无法加载控制器:Public

[ 2018-10-12T10:10:29+08:00 ] ::1 /TestProject/TP32Admin/Public/admin/js/bootstrap/dist/css/bootstrap.css.map
ERR: 无法加载控制器:Public

[ 2018-10-12T10:10:29+08:00 ] ::1 /TestProject/TP32Admin/Public/admin/js/jquery.nanoscroller/jquery.nanoscroller.min.js.map
ERR: 无法加载控制器:Public

[ 2018-10-12T10:10:29+08:00 ] ::1 /TestProject/TP32Admin/Public/admin/js/bootstrap/dist/css/bootstrap.css.map
ERR: 无法加载控制器:Public

[ 2018-10-12T10:10:30+08:00 ] ::1 /TestProject/TP32Admin/Public/admin/js/jquery.nanoscroller/jquery.nanoscroller.min.js.map
ERR: 无法加载控制器:Public

[ 2018-10-12T10:21:59+08:00 ] ::1 /TestProject/TP32Admin/Public/admin/js/bootstrap/dist/css/bootstrap.css.map
ERR: 无法加载控制器:Public

[ 2018-10-12T10:21:59+08:00 ] ::1 /TestProject/TP32Admin/Public/admin/js/jquery.nanoscroller/jquery.nanoscroller.min.js.map
ERR: 无法加载控制器:Public

[ 2018-10-12T10:22:24+08:00 ] ::1 /TestProject/TP32Admin/Public/admin/js/bootstrap/dist/css/bootstrap.css.map
ERR: 无法加载控制器:Public

[ 2018-10-12T10:22:26+08:00 ] ::1 /TestProject/TP32Admin/Public/admin/js/bootstrap/dist/css/bootstrap.css.map
ERR: 无法加载控制器:Public

[ 2018-10-12T10:22:26+08:00 ] ::1 /TestProject/TP32Admin/Public/admin/js/jquery.nanoscroller/jquery.nanoscroller.min.js.map
ERR: 无法加载控制器:Public

[ 2018-10-12T10:23:21+08:00 ] ::1 /TestProject/TP32Admin/Public/admin/js/bootstrap/dist/css/bootstrap.css.map
ERR: 无法加载控制器:Public

[ 2018-10-12T10:23:21+08:00 ] ::1 /TestProject/TP32Admin/Public/admin/js/jquery.nanoscroller/jquery.nanoscroller.min.js.map
ERR: 无法加载控制器:Public

[ 2018-10-12T10:24:14+08:00 ] ::1 /TestProject/TP32Admin/Public/admin/js/bootstrap/dist/css/bootstrap.css.map
ERR: 无法加载控制器:Public

[ 2018-10-12T10:24:14+08:00 ] ::1 /TestProject/TP32Admin/Public/admin/js/jquery.nanoscroller/jquery.nanoscroller.min.js.map
ERR: 无法加载控制器:Public

[ 2018-10-12T10:24:16+08:00 ] ::1 /TestProject/TP32Admin/Public/admin/js/bootstrap/dist/css/bootstrap.css.map
ERR: 无法加载控制器:Public

[ 2018-10-12T10:24:16+08:00 ] ::1 /TestProject/TP32Admin/Public/admin/js/jquery.nanoscroller/jquery.nanoscroller.min.js.map
ERR: 无法加载控制器:Public

[ 2018-10-12T10:24:18+08:00 ] ::1 /TestProject/TP32Admin/Public/admin/js/bootstrap/dist/css/bootstrap.css.map
ERR: 无法加载控制器:Public

[ 2018-10-12T10:24:18+08:00 ] ::1 /TestProject/TP32Admin/Public/admin/js/jquery.nanoscroller/jquery.nanoscroller.min.js.map
ERR: 无法加载控制器:Public

[ 2018-10-12T10:24:44+08:00 ] ::1 /TestProject/TP32Admin/Public/admin/js/bootstrap/dist/css/bootstrap.css.map
ERR: 无法加载控制器:Public

[ 2018-10-12T10:24:47+08:00 ] ::1 /TestProject/TP32Admin/Public/admin/js/bootstrap/dist/css/bootstrap.css.map
ERR: 无法加载控制器:Public

[ 2018-10-12T10:24:47+08:00 ] ::1 /TestProject/TP32Admin/Public/admin/js/jquery.nanoscroller/jquery.nanoscroller.min.js.map
ERR: 无法加载控制器:Public

[ 2018-10-12T10:24:50+08:00 ] ::1 /TestProject/TP32Admin/Public/admin/js/bootstrap/dist/css/bootstrap.css.map
ERR: 无法加载控制器:Public

[ 2018-10-12T10:24:50+08:00 ] ::1 /TestProject/TP32Admin/Public/admin/js/jquery.nanoscroller/jquery.nanoscroller.min.js.map
ERR: 无法加载控制器:Public

[ 2018-10-12T11:14:56+08:00 ] ::1 /TestProject/TP32Admin/index.php?m=home&c=wechat
ERR: 无法加载控制器:Wechat

[ 2018-10-12T16:14:29+08:00 ] ::1 /TestProject/TP32Admin/Public/admin/js/bootstrap/dist/css/bootstrap.css.map
ERR: 无法加载控制器:Public

