[ 2018-10-15T17:34:11+08:00 ] ::1 /TestProject/TP32Admin/index.php?m=wechat&c=index&a=getAccessToken&XDEBUG_SESSION_START=13898
ERR: Class 'JsSDK' not found

[ 2018-10-15T17:35:14+08:00 ] ::1 /TestProject/TP32Admin/index.php?m=wechat&c=index&a=getAccessToken&XDEBUG_SESSION_START=12894
ERR: Class 'JsSDK' not found

[ 2018-10-15T17:35:31+08:00 ] ::1 /TestProject/TP32Admin/index.php?m=wechat&c=index&a=getAccessToken&XDEBUG_SESSION_START=12894
INFO: [ app_init ] --START--
INFO: Run Behavior\BuildLiteBehavior [ RunTime:0.000205s ]
INFO: [ app_init ] --END-- [ RunTime:0.001891s ]
INFO: [ app_begin ] --START--
INFO: Run Behavior\ReadHtmlCacheBehavior [ RunTime:0.002668s ]
INFO: [ app_begin ] --END-- [ RunTime:0.003854s ]
ERR: Class 'JsSDK' not found

[ 2018-10-15T17:39:22+08:00 ] ::1 /TestProject/TP32Admin/index.php?m=wechat&c=index&a=getAccessToken&XDEBUG_SESSION_START=12894
INFO: [ app_init ] --START--
INFO: Run Behavior\BuildLiteBehavior [ RunTime:0.000436s ]
INFO: [ app_init ] --END-- [ RunTime:0.003900s ]
INFO: [ app_begin ] --START--
INFO: Run Behavior\ReadHtmlCacheBehavior [ RunTime:0.002269s ]
INFO: [ app_begin ] --END-- [ RunTime:0.004533s ]
INFO: [ app_end ] --START--
INFO: Run Behavior\ShowPageTraceBehavior [ RunTime:0.004538s ]
INFO: [ app_end ] --END-- [ RunTime:0.006862s ]

[ 2018-10-15T17:42:11+08:00 ] ::1 /TestProject/TP32Admin/index.php?m=wechat&c=index&a=getSignPackage&XDEBUG_SESSION_START=11658
INFO: [ app_init ] --START--
INFO: Run Behavior\BuildLiteBehavior [ RunTime:0.000184s ]
INFO: [ app_init ] --END-- [ RunTime:0.001597s ]
INFO: [ app_begin ] --START--
INFO: Run Behavior\ReadHtmlCacheBehavior [ RunTime:0.001327s ]
INFO: [ app_begin ] --END-- [ RunTime:0.002215s ]
NOTIC: [2] file_get_contents(./Application/Wechat/Data/jsapi_ticket.json): failed to open stream: No such file or directory F:\programSoft\Wamp\wamp64\www\TestProject\TP32Admin\ThinkPHP\Library\Vendor\Wechat\JsSDK.php 第 65 行.
NOTIC: [8] Trying to get property of non-object F:\programSoft\Wamp\wamp64\www\TestProject\TP32Admin\ThinkPHP\Library\Vendor\Wechat\JsSDK.php 第 66 行.
NOTIC: [2] Creating default object from empty value F:\programSoft\Wamp\wamp64\www\TestProject\TP32Admin\ThinkPHP\Library\Vendor\Wechat\JsSDK.php 第 72 行.

[ 2018-10-15T17:47:19+08:00 ] ::1 /TestProject/TP32Admin/index.php?m=wechat&c=index&a=shareTest&XDEBUG_SESSION_START=11658
INFO: [ app_init ] --START--
INFO: Run Behavior\BuildLiteBehavior [ RunTime:0.000182s ]
INFO: [ app_init ] --END-- [ RunTime:0.001578s ]
INFO: [ app_begin ] --START--
INFO: Run Behavior\ReadHtmlCacheBehavior [ RunTime:0.001446s ]
INFO: [ app_begin ] --END-- [ RunTime:0.002286s ]
NOTIC: [2] file_get_contents(./Application/Wechat/Data/jsapi_ticket.json): failed to open stream: No such file or directory F:\programSoft\Wamp\wamp64\www\TestProject\TP32Admin\ThinkPHP\Library\Vendor\Wechat\JsSDK.php 第 65 行.
NOTIC: [8] Trying to get property of non-object F:\programSoft\Wamp\wamp64\www\TestProject\TP32Admin\ThinkPHP\Library\Vendor\Wechat\JsSDK.php 第 66 行.
NOTIC: [2] Creating default object from empty value F:\programSoft\Wamp\wamp64\www\TestProject\TP32Admin\ThinkPHP\Library\Vendor\Wechat\JsSDK.php 第 72 行.
INFO: [ view_parse ] --START--
INFO: [ template_filter ] --START--
INFO: Run Behavior\ContentReplaceBehavior [ RunTime:0.001276s ]
INFO: [ template_filter ] --END-- [ RunTime:0.003646s ]
INFO: Run Behavior\ParseTemplateBehavior [ RunTime:0.048722s ]
INFO: [ view_parse ] --END-- [ RunTime:0.050876s ]
INFO: [ view_filter ] --START--
INFO: Run Behavior\WriteHtmlCacheBehavior [ RunTime:0.003342s ]
INFO: [ view_filter ] --END-- [ RunTime:0.005334s ]
INFO: [ app_end ] --START--
INFO: Run Behavior\ShowPageTraceBehavior [ RunTime:0.003311s ]
INFO: [ app_end ] --END-- [ RunTime:0.005283s ]

[ 2018-10-15T17:47:52+08:00 ] ::1 /TestProject/TP32Admin/index.php?m=wechat&c=index&a=shareTest&XDEBUG_SESSION_START=11658
INFO: [ app_init ] --START--
INFO: Run Behavior\BuildLiteBehavior [ RunTime:0.000437s ]
INFO: [ app_init ] --END-- [ RunTime:0.003798s ]
INFO: [ app_begin ] --START--
INFO: Run Behavior\ReadHtmlCacheBehavior [ RunTime:0.003057s ]
INFO: [ app_begin ] --END-- [ RunTime:0.005061s ]
NOTIC: [2] file_get_contents(./Application/Wechat/Data/jsapi_ticket.json): failed to open stream: No such file or directory F:\programSoft\Wamp\wamp64\www\TestProject\TP32Admin\ThinkPHP\Library\Vendor\Wechat\JsSDK.php 第 65 行.
NOTIC: [8] Trying to get property of non-object F:\programSoft\Wamp\wamp64\www\TestProject\TP32Admin\ThinkPHP\Library\Vendor\Wechat\JsSDK.php 第 66 行.
NOTIC: [2] Creating default object from empty value F:\programSoft\Wamp\wamp64\www\TestProject\TP32Admin\ThinkPHP\Library\Vendor\Wechat\JsSDK.php 第 72 行.
INFO: [ view_parse ] --START--
INFO: [ template_filter ] --START--
INFO: Run Behavior\ContentReplaceBehavior [ RunTime:0.000842s ]
INFO: [ template_filter ] --END-- [ RunTime:0.003502s ]
INFO: Run Behavior\ParseTemplateBehavior [ RunTime:0.051921s ]
INFO: [ view_parse ] --END-- [ RunTime:0.053790s ]
INFO: [ view_filter ] --START--
INFO: Run Behavior\WriteHtmlCacheBehavior [ RunTime:0.001414s ]
INFO: [ view_filter ] --END-- [ RunTime:0.002474s ]
INFO: [ app_end ] --START--
INFO: Run Behavior\ShowPageTraceBehavior [ RunTime:0.002190s ]
INFO: [ app_end ] --END-- [ RunTime:0.003184s ]

[ 2018-10-15T17:47:56+08:00 ] ::1 /TestProject/TP32Admin/index.php?m=wechat&c=index&a=shareTest&XDEBUG_SESSION_START=11658
INFO: [ app_init ] --START--
INFO: Run Behavior\BuildLiteBehavior [ RunTime:0.000251s ]
INFO: [ app_init ] --END-- [ RunTime:0.002182s ]
INFO: [ app_begin ] --START--
INFO: Run Behavior\ReadHtmlCacheBehavior [ RunTime:0.001013s ]
INFO: [ app_begin ] --END-- [ RunTime:0.001883s ]
NOTIC: [2] file_get_contents(./Application/Wechat/Data/jsapi_ticket.json): failed to open stream: No such file or directory F:\programSoft\Wamp\wamp64\www\TestProject\TP32Admin\ThinkPHP\Library\Vendor\Wechat\JsSDK.php 第 65 行.
NOTIC: [8] Trying to get property of non-object F:\programSoft\Wamp\wamp64\www\TestProject\TP32Admin\ThinkPHP\Library\Vendor\Wechat\JsSDK.php 第 66 行.
NOTIC: [2] Creating default object from empty value F:\programSoft\Wamp\wamp64\www\TestProject\TP32Admin\ThinkPHP\Library\Vendor\Wechat\JsSDK.php 第 72 行.
INFO: [ view_parse ] --START--
INFO: [ template_filter ] --START--
INFO: Run Behavior\ContentReplaceBehavior [ RunTime:0.000837s ]
INFO: [ template_filter ] --END-- [ RunTime:0.002711s ]
INFO: Run Behavior\ParseTemplateBehavior [ RunTime:0.041973s ]
INFO: [ view_parse ] --END-- [ RunTime:0.043672s ]
INFO: [ view_filter ] --START--
INFO: Run Behavior\WriteHtmlCacheBehavior [ RunTime:0.001990s ]
INFO: [ view_filter ] --END-- [ RunTime:0.003496s ]
INFO: [ app_end ] --START--
INFO: Run Behavior\ShowPageTraceBehavior [ RunTime:0.002487s ]
INFO: [ app_end ] --END-- [ RunTime:0.003716s ]

[ 2018-10-15T17:47:57+08:00 ] ::1 /TestProject/TP32Admin/index.php?m=wechat&c=index&a=shareTest&XDEBUG_SESSION_START=11658
INFO: [ app_init ] --START--
INFO: Run Behavior\BuildLiteBehavior [ RunTime:0.000336s ]
INFO: [ app_init ] --END-- [ RunTime:0.002394s ]
INFO: [ app_begin ] --START--
INFO: Run Behavior\ReadHtmlCacheBehavior [ RunTime:0.001413s ]
INFO: [ app_begin ] --END-- [ RunTime:0.002740s ]
NOTIC: [2] file_get_contents(./Application/Wechat/Data/jsapi_ticket.json): failed to open stream: No such file or directory F:\programSoft\Wamp\wamp64\www\TestProject\TP32Admin\ThinkPHP\Library\Vendor\Wechat\JsSDK.php 第 65 行.
NOTIC: [8] Trying to get property of non-object F:\programSoft\Wamp\wamp64\www\TestProject\TP32Admin\ThinkPHP\Library\Vendor\Wechat\JsSDK.php 第 66 行.
NOTIC: [2] Creating default object from empty value F:\programSoft\Wamp\wamp64\www\TestProject\TP32Admin\ThinkPHP\Library\Vendor\Wechat\JsSDK.php 第 72 行.
INFO: [ view_parse ] --START--
INFO: [ template_filter ] --START--
INFO: Run Behavior\ContentReplaceBehavior [ RunTime:0.000936s ]
INFO: [ template_filter ] --END-- [ RunTime:0.003125s ]
INFO: Run Behavior\ParseTemplateBehavior [ RunTime:0.051128s ]
INFO: [ view_parse ] --END-- [ RunTime:0.053481s ]
INFO: [ view_filter ] --START--
INFO: Run Behavior\WriteHtmlCacheBehavior [ RunTime:0.004042s ]
INFO: [ view_filter ] --END-- [ RunTime:0.006605s ]
INFO: [ app_end ] --START--
INFO: Run Behavior\ShowPageTraceBehavior [ RunTime:0.002990s ]
INFO: [ app_end ] --END-- [ RunTime:0.004631s ]

[ 2018-10-15T18:01:45+08:00 ] ::1 /TestProject/TP32Admin/index.php?m=wechat&c=index&a=shareTest&XDEBUG_SESSION_START=11658
INFO: [ app_init ] --START--
INFO: Run Behavior\BuildLiteBehavior [ RunTime:0.000201s ]
INFO: [ app_init ] --END-- [ RunTime:0.001762s ]
INFO: [ app_begin ] --START--
INFO: Run Behavior\ReadHtmlCacheBehavior [ RunTime:0.001415s ]
INFO: [ app_begin ] --END-- [ RunTime:0.002304s ]
NOTIC: [2] file_get_contents(./Application/Wechat/Data/jsapi_ticket.json): failed to open stream: No such file or directory F:\programSoft\Wamp\wamp64\www\TestProject\TP32Admin\ThinkPHP\Library\Vendor\Wechat\JsSDK.php 第 65 行.
NOTIC: [8] Trying to get property of non-object F:\programSoft\Wamp\wamp64\www\TestProject\TP32Admin\ThinkPHP\Library\Vendor\Wechat\JsSDK.php 第 66 行.
NOTIC: [2] Creating default object from empty value F:\programSoft\Wamp\wamp64\www\TestProject\TP32Admin\ThinkPHP\Library\Vendor\Wechat\JsSDK.php 第 72 行.
INFO: [ view_parse ] --START--
INFO: [ template_filter ] --START--
INFO: Run Behavior\ContentReplaceBehavior [ RunTime:0.000388s ]
INFO: [ template_filter ] --END-- [ RunTime:0.001216s ]
INFO: Run Behavior\ParseTemplateBehavior [ RunTime:0.035839s ]
INFO: [ view_parse ] --END-- [ RunTime:0.037422s ]
INFO: [ view_filter ] --START--
INFO: Run Behavior\WriteHtmlCacheBehavior [ RunTime:0.001210s ]
INFO: [ view_filter ] --END-- [ RunTime:0.002056s ]
INFO: [ app_end ] --START--
INFO: Run Behavior\ShowPageTraceBehavior [ RunTime:0.001505s ]
INFO: [ app_end ] --END-- [ RunTime:0.002374s ]

[ 2018-10-15T18:02:15+08:00 ] ::1 /TestProject/TP32Admin/index.php?m=wechat&c=index&a=shareTest&XDEBUG_SESSION_START=11658
INFO: [ app_init ] --START--
INFO: Run Behavior\BuildLiteBehavior [ RunTime:0.000192s ]
INFO: [ app_init ] --END-- [ RunTime:0.001609s ]
INFO: [ app_begin ] --START--
INFO: Run Behavior\ReadHtmlCacheBehavior [ RunTime:0.001213s ]
INFO: [ app_begin ] --END-- [ RunTime:0.002047s ]
NOTIC: [2] file_get_contents(./Application/Wechat/Data/jsapi_ticket.json): failed to open stream: No such file or directory F:\programSoft\Wamp\wamp64\www\TestProject\TP32Admin\ThinkPHP\Library\Vendor\Wechat\JsSDK.php 第 65 行.
NOTIC: [8] Trying to get property of non-object F:\programSoft\Wamp\wamp64\www\TestProject\TP32Admin\ThinkPHP\Library\Vendor\Wechat\JsSDK.php 第 66 行.
NOTIC: [2] Creating default object from empty value F:\programSoft\Wamp\wamp64\www\TestProject\TP32Admin\ThinkPHP\Library\Vendor\Wechat\JsSDK.php 第 72 行.
INFO: [ view_parse ] --START--
INFO: [ template_filter ] --START--
INFO: Run Behavior\ContentReplaceBehavior [ RunTime:0.000387s ]
INFO: [ template_filter ] --END-- [ RunTime:0.001246s ]
INFO: Run Behavior\ParseTemplateBehavior [ RunTime:0.020650s ]
INFO: [ view_parse ] --END-- [ RunTime:0.021542s ]
INFO: [ view_filter ] --START--
INFO: Run Behavior\WriteHtmlCacheBehavior [ RunTime:0.001277s ]
INFO: [ view_filter ] --END-- [ RunTime:0.002116s ]
INFO: [ app_end ] --START--
INFO: Run Behavior\ShowPageTraceBehavior [ RunTime:0.001403s ]
INFO: [ app_end ] --END-- [ RunTime:0.002237s ]

[ 2018-10-15T18:02:21+08:00 ] ::1 /TestProject/TP32Admin/index.php?m=wechat&c=index&a=shareTest&XDEBUG_SESSION_START=11658
INFO: [ app_init ] --START--
INFO: Run Behavior\BuildLiteBehavior [ RunTime:0.000261s ]
INFO: [ app_init ] --END-- [ RunTime:0.002137s ]
INFO: [ app_begin ] --START--
INFO: Run Behavior\ReadHtmlCacheBehavior [ RunTime:0.001017s ]
INFO: [ app_begin ] --END-- [ RunTime:0.001951s ]
NOTIC: [2] file_get_contents(./Application/Wechat/Data/jsapi_ticket.json): failed to open stream: No such file or directory F:\programSoft\Wamp\wamp64\www\TestProject\TP32Admin\ThinkPHP\Library\Vendor\Wechat\JsSDK.php 第 65 行.
NOTIC: [8] Trying to get property of non-object F:\programSoft\Wamp\wamp64\www\TestProject\TP32Admin\ThinkPHP\Library\Vendor\Wechat\JsSDK.php 第 66 行.
NOTIC: [2] Creating default object from empty value F:\programSoft\Wamp\wamp64\www\TestProject\TP32Admin\ThinkPHP\Library\Vendor\Wechat\JsSDK.php 第 72 行.
INFO: [ view_parse ] --START--
INFO: [ template_filter ] --START--
INFO: Run Behavior\ContentReplaceBehavior [ RunTime:0.000400s ]
INFO: [ template_filter ] --END-- [ RunTime:0.001281s ]
INFO: Run Behavior\ParseTemplateBehavior [ RunTime:0.024040s ]
INFO: [ view_parse ] --END-- [ RunTime:0.025499s ]
INFO: [ view_filter ] --START--
INFO: Run Behavior\WriteHtmlCacheBehavior [ RunTime:0.001277s ]
INFO: [ view_filter ] --END-- [ RunTime:0.002160s ]
INFO: [ app_end ] --START--
INFO: Run Behavior\ShowPageTraceBehavior [ RunTime:0.001582s ]
INFO: [ app_end ] --END-- [ RunTime:0.002482s ]

