[ 2018-10-26T10:11:50+08:00 ] ::1 /TestProject/TP32Admin/index.php?m=admin
INFO: [ app_init ] --START--
INFO: Run Behavior\BuildLiteBehavior [ RunTime:0.000142s ]
INFO: [ app_init ] --END-- [ RunTime:0.001475s ]
INFO: [ app_begin ] --START--
INFO: Run Behavior\ReadHtmlCacheBehavior [ RunTime:0.001863s ]
INFO: [ app_begin ] --END-- [ RunTime:0.002556s ]
INFO: [ view_parse ] --START--
INFO: [ template_filter ] --START--
INFO: Run Behavior\ContentReplaceBehavior [ RunTime:0.000390s ]
INFO: [ template_filter ] --END-- [ RunTime:0.001185s ]
NOTIC: [8] Undefined variable: message F:\programSoft\Wamp\wamp64\www\TestProject\TP32Admin\Application\Runtime\Cache\Admin\af3b63c06e83e0354ebc2b7bd3a0c04e.php 第 51 行.
INFO: Run Behavior\ParseTemplateBehavior [ RunTime:0.034349s ]
INFO: [ view_parse ] --END-- [ RunTime:0.035087s ]
INFO: [ view_filter ] --START--
INFO: Run Behavior\WriteHtmlCacheBehavior [ RunTime:0.001588s ]
INFO: [ view_filter ] --END-- [ RunTime:0.002325s ]

[ 2018-10-26T10:11:53+08:00 ] ::1 /TestProject/TP32Admin/index.php/Admin/Login/index.html
INFO: [ app_init ] --START--
INFO: Run Behavior\BuildLiteBehavior [ RunTime:0.000182s ]
INFO: [ app_init ] --END-- [ RunTime:0.001418s ]
INFO: [ app_begin ] --START--
INFO: Run Behavior\ReadHtmlCacheBehavior [ RunTime:0.000948s ]
INFO: [ app_begin ] --END-- [ RunTime:0.001709s ]
INFO: [ view_parse ] --START--
INFO: [ template_filter ] --START--
INFO: Run Behavior\ContentReplaceBehavior [ RunTime:0.000513s ]
INFO: [ template_filter ] --END-- [ RunTime:0.001540s ]
INFO: Run Behavior\ParseTemplateBehavior [ RunTime:0.040784s ]
INFO: [ view_parse ] --END-- [ RunTime:0.041635s ]
INFO: [ view_filter ] --START--
INFO: Run Behavior\WriteHtmlCacheBehavior [ RunTime:0.001239s ]
INFO: [ view_filter ] --END-- [ RunTime:0.001996s ]
INFO: [ app_end ] --START--
INFO: Run Behavior\ShowPageTraceBehavior [ RunTime:0.001372s ]
INFO: [ app_end ] --END-- [ RunTime:0.002104s ]

[ 2018-10-26T10:11:54+08:00 ] ::1 /TestProject/TP32Admin/index.php/Admin/Login/verifyCode
INFO: [ app_init ] --START--
INFO: Run Behavior\BuildLiteBehavior [ RunTime:0.000174s ]
INFO: [ app_init ] --END-- [ RunTime:0.001369s ]
INFO: [ app_begin ] --START--
INFO: Run Behavior\ReadHtmlCacheBehavior [ RunTime:0.001024s ]
INFO: [ app_begin ] --END-- [ RunTime:0.001833s ]
INFO: [ app_end ] --START--
INFO: Run Behavior\ShowPageTraceBehavior [ RunTime:0.002394s ]
INFO: [ app_end ] --END-- [ RunTime:0.003416s ]

[ 2018-10-26T10:12:01+08:00 ] ::1 /TestProject/TP32Admin/index.php/Admin/Login/index.html
INFO: [ app_init ] --START--
INFO: Run Behavior\BuildLiteBehavior [ RunTime:0.000250s ]
INFO: [ app_init ] --END-- [ RunTime:0.002144s ]
INFO: [ app_begin ] --START--
INFO: Run Behavior\ReadHtmlCacheBehavior [ RunTime:0.000962s ]
INFO: [ app_begin ] --END-- [ RunTime:0.001873s ]
INFO: [ view_parse ] --START--
INFO: [ template_filter ] --START--
INFO: Run Behavior\ContentReplaceBehavior [ RunTime:0.000309s ]
INFO: [ template_filter ] --END-- [ RunTime:0.000998s ]
NOTIC: [8] Undefined variable: message F:\programSoft\Wamp\wamp64\www\TestProject\TP32Admin\Application\Runtime\Cache\Admin\af3b63c06e83e0354ebc2b7bd3a0c04e.php 第 51 行.
INFO: Run Behavior\ParseTemplateBehavior [ RunTime:0.014396s ]
INFO: [ view_parse ] --END-- [ RunTime:0.015105s ]
INFO: [ view_filter ] --START--
INFO: Run Behavior\WriteHtmlCacheBehavior [ RunTime:0.001006s ]
INFO: [ view_filter ] --END-- [ RunTime:0.001694s ]

[ 2018-10-26T10:12:04+08:00 ] ::1 /TestProject/TP32Admin/index.php/Admin/Login/index.html
INFO: [ app_init ] --START--
INFO: Run Behavior\BuildLiteBehavior [ RunTime:0.000174s ]
INFO: [ app_init ] --END-- [ RunTime:0.001456s ]
INFO: [ app_begin ] --START--
INFO: Run Behavior\ReadHtmlCacheBehavior [ RunTime:0.000966s ]
INFO: [ app_begin ] --END-- [ RunTime:0.001863s ]
INFO: [ view_parse ] --START--
INFO: [ template_filter ] --START--
INFO: Run Behavior\ContentReplaceBehavior [ RunTime:0.000408s ]
INFO: [ template_filter ] --END-- [ RunTime:0.001201s ]
INFO: Run Behavior\ParseTemplateBehavior [ RunTime:0.015352s ]
INFO: [ view_parse ] --END-- [ RunTime:0.016061s ]
INFO: [ view_filter ] --START--
INFO: Run Behavior\WriteHtmlCacheBehavior [ RunTime:0.001085s ]
INFO: [ view_filter ] --END-- [ RunTime:0.001760s ]
INFO: [ app_end ] --START--
INFO: Run Behavior\ShowPageTraceBehavior [ RunTime:0.001196s ]
INFO: [ app_end ] --END-- [ RunTime:0.001880s ]

[ 2018-10-26T10:12:09+08:00 ] ::1 /TestProject/TP32Admin/index.php/Admin/Login/verifyCode/0.4027380894562178
INFO: [ app_init ] --START--
INFO: Run Behavior\BuildLiteBehavior [ RunTime:0.000408s ]
INFO: [ app_init ] --END-- [ RunTime:0.003688s ]
INFO: [ app_begin ] --START--
INFO: Run Behavior\ReadHtmlCacheBehavior [ RunTime:0.002232s ]
INFO: [ app_begin ] --END-- [ RunTime:0.004130s ]
INFO: [ app_end ] --START--
INFO: Run Behavior\ShowPageTraceBehavior [ RunTime:0.001276s ]
INFO: [ app_end ] --END-- [ RunTime:0.001955s ]

[ 2018-10-26T10:12:14+08:00 ] ::1 /TestProject/TP32Admin/index.php/Admin/Login/index.html
INFO: [ app_init ] --START--
INFO: Run Behavior\BuildLiteBehavior [ RunTime:0.000196s ]
INFO: [ app_init ] --END-- [ RunTime:0.001790s ]
INFO: [ app_begin ] --START--
INFO: Run Behavior\ReadHtmlCacheBehavior [ RunTime:0.001024s ]
INFO: [ app_begin ] --END-- [ RunTime:0.001905s ]
SQL: SHOW COLUMNS FROM `tb_user` [ RunTime:0.0212s ]
SQL: SELECT * FROM `tb_user` WHERE ( name='admin' ) LIMIT 1   [ RunTime:0.0010s ]
INFO: [ view_parse ] --START--
INFO: [ template_filter ] --START--
INFO: Run Behavior\ContentReplaceBehavior [ RunTime:0.000727s ]
INFO: [ template_filter ] --END-- [ RunTime:0.002146s ]
INFO: Run Behavior\ParseTemplateBehavior [ RunTime:0.030260s ]
INFO: [ view_parse ] --END-- [ RunTime:0.031678s ]
INFO: [ view_filter ] --START--
INFO: Run Behavior\WriteHtmlCacheBehavior [ RunTime:0.002143s ]
INFO: [ view_filter ] --END-- [ RunTime:0.003504s ]
INFO: [ app_end ] --START--
INFO: Run Behavior\ShowPageTraceBehavior [ RunTime:0.002608s ]
INFO: [ app_end ] --END-- [ RunTime:0.003966s ]

[ 2018-10-26T10:12:16+08:00 ] ::1 /TestProject/TP32Admin/index.php/Admin/index/index.html
INFO: [ app_init ] --START--
INFO: Run Behavior\BuildLiteBehavior [ RunTime:0.000393s ]
INFO: [ app_init ] --END-- [ RunTime:0.003240s ]
INFO: [ app_begin ] --START--
INFO: Run Behavior\ReadHtmlCacheBehavior [ RunTime:0.001239s ]
INFO: [ app_begin ] --END-- [ RunTime:0.002362s ]
SQL: SHOW COLUMNS FROM `tb_node` [ RunTime:0.0537s ]
SQL: SELECT `id`,`name`,`title`,`pid`,`status` FROM `tb_node` WHERE `level` <> '1' AND `status` = '1' AND `isMenu` = '1' ORDER BY sort  [ RunTime:0.0119s ]
INFO: [ view_parse ] --START--
INFO: [ template_filter ] --START--
INFO: Run Behavior\ContentReplaceBehavior [ RunTime:0.000952s ]
INFO: [ template_filter ] --END-- [ RunTime:0.002854s ]
INFO: Run Behavior\ParseTemplateBehavior [ RunTime:0.180213s ]
INFO: [ view_parse ] --END-- [ RunTime:0.182139s ]
INFO: [ view_filter ] --START--
INFO: Run Behavior\WriteHtmlCacheBehavior [ RunTime:0.002771s ]
INFO: [ view_filter ] --END-- [ RunTime:0.004671s ]
INFO: [ app_end ] --START--
INFO: Run Behavior\ShowPageTraceBehavior [ RunTime:0.004325s ]
INFO: [ app_end ] --END-- [ RunTime:0.006390s ]

[ 2018-10-26T10:12:16+08:00 ] ::1 /TestProject/TP32Admin/index.php/Admin/index/welcome
INFO: [ app_init ] --START--
INFO: Run Behavior\BuildLiteBehavior [ RunTime:0.000180s ]
INFO: [ app_init ] --END-- [ RunTime:0.001639s ]
INFO: [ app_begin ] --START--
INFO: Run Behavior\ReadHtmlCacheBehavior [ RunTime:0.002352s ]
INFO: [ app_begin ] --END-- [ RunTime:0.003851s ]
INFO: [ view_parse ] --START--
INFO: [ template_filter ] --START--
INFO: Run Behavior\ContentReplaceBehavior [ RunTime:0.001080s ]
INFO: [ template_filter ] --END-- [ RunTime:0.002917s ]
INFO: Run Behavior\ParseTemplateBehavior [ RunTime:0.047707s ]
INFO: [ view_parse ] --END-- [ RunTime:0.048714s ]
INFO: [ view_filter ] --START--
INFO: Run Behavior\WriteHtmlCacheBehavior [ RunTime:0.001178s ]
INFO: [ view_filter ] --END-- [ RunTime:0.001929s ]
INFO: [ app_end ] --START--
INFO: Run Behavior\ShowPageTraceBehavior [ RunTime:0.003476s ]
INFO: [ app_end ] --END-- [ RunTime:0.004310s ]

[ 2018-10-26T10:12:23+08:00 ] ::1 /TestProject/TP32Admin/index.php/Admin/rbac/role
INFO: [ app_init ] --START--
INFO: Run Behavior\BuildLiteBehavior [ RunTime:0.000374s ]
INFO: [ app_init ] --END-- [ RunTime:0.003222s ]
INFO: [ app_begin ] --START--
INFO: Run Behavior\ReadHtmlCacheBehavior [ RunTime:0.005678s ]
INFO: [ app_begin ] --END-- [ RunTime:0.006680s ]
SQL: SHOW COLUMNS FROM `tb_role` [ RunTime:0.0429s ]
SQL: SELECT * FROM `tb_role`  [ RunTime:0.0011s ]
INFO: [ view_parse ] --START--
INFO: [ template_filter ] --START--
INFO: Run Behavior\ContentReplaceBehavior [ RunTime:0.000364s ]
INFO: [ template_filter ] --END-- [ RunTime:0.001115s ]
INFO: Run Behavior\ParseTemplateBehavior [ RunTime:0.062180s ]
INFO: [ view_parse ] --END-- [ RunTime:0.063481s ]
INFO: [ view_filter ] --START--
INFO: Run Behavior\WriteHtmlCacheBehavior [ RunTime:0.001375s ]
INFO: [ view_filter ] --END-- [ RunTime:0.002115s ]
INFO: [ app_end ] --START--
INFO: Run Behavior\ShowPageTraceBehavior [ RunTime:0.001344s ]
INFO: [ app_end ] --END-- [ RunTime:0.002063s ]

[ 2018-10-26T10:12:24+08:00 ] ::1 /TestProject/TP32Admin/index.php/Admin/rbac/access/id/2.html
INFO: [ app_init ] --START--
INFO: Run Behavior\BuildLiteBehavior [ RunTime:0.000139s ]
INFO: [ app_init ] --END-- [ RunTime:0.001245s ]
INFO: [ app_begin ] --START--
INFO: Run Behavior\ReadHtmlCacheBehavior [ RunTime:0.000952s ]
INFO: [ app_begin ] --END-- [ RunTime:0.001695s ]
SQL: SHOW COLUMNS FROM `tb_role` [ RunTime:0.0012s ]
SQL: SELECT `name` FROM `tb_role` WHERE `id` = 2 LIMIT 1   [ RunTime:0.0006s ]
SQL: SHOW COLUMNS FROM `tb_node` [ RunTime:0.0013s ]
SQL: SELECT `id`,`name`,`title`,`pid`,`status` FROM `tb_node` ORDER BY sort  [ RunTime:0.0007s ]
SQL: SHOW COLUMNS FROM `tb_access` [ RunTime:0.0489s ]
SQL: SELECT `node_id` FROM `tb_access` WHERE `role_id` = 2  [ RunTime:0.0006s ]
INFO: [ view_parse ] --START--
INFO: [ template_filter ] --START--
INFO: Run Behavior\ContentReplaceBehavior [ RunTime:0.000429s ]
INFO: [ template_filter ] --END-- [ RunTime:0.001232s ]
INFO: Run Behavior\ParseTemplateBehavior [ RunTime:0.060048s ]
INFO: [ view_parse ] --END-- [ RunTime:0.060799s ]
INFO: [ view_filter ] --START--
INFO: Run Behavior\WriteHtmlCacheBehavior [ RunTime:0.001291s ]
INFO: [ view_filter ] --END-- [ RunTime:0.002042s ]
INFO: [ app_end ] --START--
INFO: Run Behavior\ShowPageTraceBehavior [ RunTime:0.001993s ]
INFO: [ app_end ] --END-- [ RunTime:0.002882s ]

[ 2018-10-26T10:14:23+08:00 ] ::1 /TestProject/TP32Admin/index.php?m=admin
INFO: [ app_init ] --START--
INFO: Run Behavior\BuildLiteBehavior [ RunTime:0.000212s ]
INFO: [ app_init ] --END-- [ RunTime:0.002308s ]
INFO: [ app_begin ] --START--
INFO: Run Behavior\ReadHtmlCacheBehavior [ RunTime:0.001887s ]
INFO: [ app_begin ] --END-- [ RunTime:0.002668s ]
SQL: SHOW COLUMNS FROM `tb_node` [ RunTime:0.0012s ]
SQL: SELECT `id`,`name`,`title`,`pid`,`status` FROM `tb_node` WHERE `level` <> '1' AND `status` = '1' AND `isMenu` = '1' ORDER BY sort  [ RunTime:0.0008s ]
INFO: [ view_parse ] --START--
INFO: [ template_filter ] --START--
INFO: Run Behavior\ContentReplaceBehavior [ RunTime:0.000521s ]
INFO: [ template_filter ] --END-- [ RunTime:0.001339s ]
INFO: Run Behavior\ParseTemplateBehavior [ RunTime:0.035530s ]
INFO: [ view_parse ] --END-- [ RunTime:0.036290s ]
INFO: [ view_filter ] --START--
INFO: Run Behavior\WriteHtmlCacheBehavior [ RunTime:0.001276s ]
INFO: [ view_filter ] --END-- [ RunTime:0.001975s ]
INFO: [ app_end ] --START--
INFO: Run Behavior\ShowPageTraceBehavior [ RunTime:0.001584s ]
INFO: [ app_end ] --END-- [ RunTime:0.002405s ]

[ 2018-10-26T10:14:24+08:00 ] ::1 /TestProject/TP32Admin/index.php/Admin/index/welcome
INFO: [ app_init ] --START--
INFO: Run Behavior\BuildLiteBehavior [ RunTime:0.000192s ]
INFO: [ app_init ] --END-- [ RunTime:0.002447s ]
INFO: [ app_begin ] --START--
INFO: Run Behavior\ReadHtmlCacheBehavior [ RunTime:0.001909s ]
INFO: [ app_begin ] --END-- [ RunTime:0.002843s ]
INFO: [ view_parse ] --START--
INFO: [ template_filter ] --START--
INFO: Run Behavior\ContentReplaceBehavior [ RunTime:0.000474s ]
INFO: [ template_filter ] --END-- [ RunTime:0.001432s ]
INFO: Run Behavior\ParseTemplateBehavior [ RunTime:0.032570s ]
INFO: [ view_parse ] --END-- [ RunTime:0.033511s ]
INFO: [ view_filter ] --START--
INFO: Run Behavior\WriteHtmlCacheBehavior [ RunTime:0.001630s ]
INFO: [ view_filter ] --END-- [ RunTime:0.002512s ]
INFO: [ app_end ] --START--
INFO: Run Behavior\ShowPageTraceBehavior [ RunTime:0.002022s ]
INFO: [ app_end ] --END-- [ RunTime:0.002955s ]

[ 2018-10-26T10:14:24+08:00 ] ::1 /TestProject/TP32Admin/index.php/Admin/rbac/role
INFO: [ app_init ] --START--
INFO: Run Behavior\BuildLiteBehavior [ RunTime:0.000162s ]
INFO: [ app_init ] --END-- [ RunTime:0.001407s ]
INFO: [ app_begin ] --START--
INFO: Run Behavior\ReadHtmlCacheBehavior [ RunTime:0.001127s ]
INFO: [ app_begin ] --END-- [ RunTime:0.001855s ]
SQL: SHOW COLUMNS FROM `tb_role` [ RunTime:0.0010s ]
SQL: SELECT * FROM `tb_role`  [ RunTime:0.0004s ]
INFO: [ view_parse ] --START--
INFO: [ template_filter ] --START--
INFO: Run Behavior\ContentReplaceBehavior [ RunTime:0.000324s ]
INFO: [ template_filter ] --END-- [ RunTime:0.001018s ]
INFO: Run Behavior\ParseTemplateBehavior [ RunTime:0.027993s ]
INFO: [ view_parse ] --END-- [ RunTime:0.028684s ]
INFO: [ view_filter ] --START--
INFO: Run Behavior\WriteHtmlCacheBehavior [ RunTime:0.001052s ]
INFO: [ view_filter ] --END-- [ RunTime:0.001735s ]
INFO: [ app_end ] --START--
INFO: Run Behavior\ShowPageTraceBehavior [ RunTime:0.001124s ]
INFO: [ app_end ] --END-- [ RunTime:0.001797s ]

[ 2018-10-26T10:15:36+08:00 ] ::1 /TestProject/TP32Admin/index.php/Admin/rbac/access/id/2.html
INFO: [ app_init ] --START--
INFO: Run Behavior\BuildLiteBehavior [ RunTime:0.000388s ]
INFO: [ app_init ] --END-- [ RunTime:0.003165s ]
INFO: [ app_begin ] --START--
INFO: Run Behavior\ReadHtmlCacheBehavior [ RunTime:0.001595s ]
INFO: [ app_begin ] --END-- [ RunTime:0.003062s ]
SQL: SHOW COLUMNS FROM `tb_role` [ RunTime:0.0023s ]
SQL: SELECT `name` FROM `tb_role` WHERE `id` = 2 LIMIT 1   [ RunTime:0.0011s ]
SQL: SHOW COLUMNS FROM `tb_node` [ RunTime:0.0017s ]
SQL: SELECT `id`,`name`,`title`,`pid`,`status` FROM `tb_node` ORDER BY sort  [ RunTime:0.0010s ]
SQL: SHOW COLUMNS FROM `tb_access` [ RunTime:0.0031s ]
SQL: SELECT `node_id` FROM `tb_access` WHERE `role_id` = 2  [ RunTime:0.0012s ]
INFO: [ view_parse ] --START--
INFO: [ template_filter ] --START--
INFO: Run Behavior\ContentReplaceBehavior [ RunTime:0.000352s ]
INFO: [ template_filter ] --END-- [ RunTime:0.001057s ]
INFO: Run Behavior\ParseTemplateBehavior [ RunTime:0.070306s ]
INFO: [ view_parse ] --END-- [ RunTime:0.071783s ]
INFO: [ view_filter ] --START--
INFO: Run Behavior\WriteHtmlCacheBehavior [ RunTime:0.001145s ]
INFO: [ view_filter ] --END-- [ RunTime:0.001933s ]
INFO: [ app_end ] --START--
INFO: Run Behavior\ShowPageTraceBehavior [ RunTime:0.004513s ]
INFO: [ app_end ] --END-- [ RunTime:0.007892s ]

