[ 2018-10-10T10:43:54+08:00 ] ::1 /TestProject/TP32Admin/index.php/Admin/rbac/editUser/id/1.html
ERR: 非法操作:editUser

[ 2018-10-10T11:13:10+08:00 ] ::1 /TestProject/TP32Admin/index.php/Admin/rbac/editUser/id/1.html
ERR: syntax error, unexpected ')', expecting variable (T_VARIABLE) or '{' or '$'

[ 2018-10-10T14:56:22+08:00 ] ::1 /TestProject/TP32Admin/index.php/Admin/Login/NAN.html
ERR: 非法操作:NAN

[ 2018-10-10T14:57:08+08:00 ] ::1 /TestProject/TP32Admin/index.php/Admin/Login/NAN.html
ERR: 非法操作:NAN

[ 2018-10-10T15:37:41+08:00 ] ::1 /TestProject/TP32Admin/index.php/Admin/index/changepwd
ERR: 非法操作:changepwd

[ 2018-10-10T15:37:46+08:00 ] ::1 /TestProject/TP32Admin/index.php/Admin/rbac/editrole
ERR: 非法操作:editrole

[ 2018-10-10T15:37:47+08:00 ] ::1 /TestProject/TP32Admin/index.php/Admin/rbac/delrole
ERR: 非法操作:delrole

[ 2018-10-10T15:37:52+08:00 ] ::1 /TestProject/TP32Admin/index.php/Admin/index/changepwd
ERR: 非法操作:changepwd

[ 2018-10-10T15:37:52+08:00 ] ::1 /TestProject/TP32Admin/index.php/Admin/rbac/delrole
ERR: 非法操作:delrole

[ 2018-10-10T15:37:52+08:00 ] ::1 /TestProject/TP32Admin/index.php/Admin/rbac/editrole
ERR: 非法操作:editrole

[ 2018-10-10T15:37:52+08:00 ] ::1 /TestProject/TP32Admin/index.php/Admin/index/changepwd
ERR: 非法操作:changepwd

[ 2018-10-10T15:37:52+08:00 ] ::1 /TestProject/TP32Admin/index.php/Admin/rbac/editrole
ERR: 非法操作:editrole

[ 2018-10-10T15:37:52+08:00 ] ::1 /TestProject/TP32Admin/index.php/Admin/rbac/delrole
ERR: 非法操作:delrole

[ 2018-10-10T15:37:52+08:00 ] ::1 /TestProject/TP32Admin/index.php/Admin/rbac/delrole
ERR: 非法操作:delrole

[ 2018-10-10T15:37:52+08:00 ] ::1 /TestProject/TP32Admin/index.php/Admin/rbac/editrole
ERR: 非法操作:editrole

[ 2018-10-10T15:37:52+08:00 ] ::1 /TestProject/TP32Admin/index.php/Admin/index/changepwd
ERR: 非法操作:changepwd

[ 2018-10-10T15:40:08+08:00 ] ::1 /TestProject/TP32Admin/index.php/Admin/index/changepwd
ERR: 非法操作:changepwd

[ 2018-10-10T15:40:08+08:00 ] ::1 /TestProject/TP32Admin/index.php/Admin/rbac/delrole
ERR: 非法操作:delrole

[ 2018-10-10T15:40:08+08:00 ] ::1 /TestProject/TP32Admin/index.php/Admin/rbac/editrole
ERR: 非法操作:editrole

[ 2018-10-10T15:40:09+08:00 ] ::1 /TestProject/TP32Admin/index.php/Admin/index/changepwd
ERR: 非法操作:changepwd

[ 2018-10-10T15:40:09+08:00 ] ::1 /TestProject/TP32Admin/index.php/Admin/rbac/delrole
ERR: 非法操作:delrole

[ 2018-10-10T15:40:09+08:00 ] ::1 /TestProject/TP32Admin/index.php/Admin/rbac/editrole
ERR: 非法操作:editrole

[ 2018-10-10T15:40:09+08:00 ] ::1 /TestProject/TP32Admin/index.php/Admin/index/changepwd
ERR: 非法操作:changepwd

[ 2018-10-10T15:40:09+08:00 ] ::1 /TestProject/TP32Admin/index.php/Admin/rbac/delrole
ERR: 非法操作:delrole

[ 2018-10-10T15:40:09+08:00 ] ::1 /TestProject/TP32Admin/index.php/Admin/rbac/editrole
ERR: 非法操作:editrole

[ 2018-10-10T15:40:11+08:00 ] ::1 /TestProject/TP32Admin/index.php/Admin/rbac/delrole
ERR: 非法操作:delrole

[ 2018-10-10T15:40:11+08:00 ] ::1 /TestProject/TP32Admin/index.php/Admin/index/changepwd
ERR: 非法操作:changepwd

[ 2018-10-10T15:40:11+08:00 ] ::1 /TestProject/TP32Admin/index.php/Admin/rbac/editrole
ERR: 非法操作:editrole

[ 2018-10-10T15:40:12+08:00 ] ::1 /TestProject/TP32Admin/index.php/Admin/rbac/delrole
ERR: 非法操作:delrole

[ 2018-10-10T15:40:12+08:00 ] ::1 /TestProject/TP32Admin/index.php/Admin/index/changepwd
ERR: 非法操作:changepwd

[ 2018-10-10T15:40:12+08:00 ] ::1 /TestProject/TP32Admin/index.php/Admin/rbac/editrole
ERR: 非法操作:editrole

[ 2018-10-10T15:40:12+08:00 ] ::1 /TestProject/TP32Admin/index.php/Admin/rbac/delrole
ERR: 非法操作:delrole

[ 2018-10-10T15:40:12+08:00 ] ::1 /TestProject/TP32Admin/index.php/Admin/index/changepwd
ERR: 非法操作:changepwd

[ 2018-10-10T15:40:12+08:00 ] ::1 /TestProject/TP32Admin/index.php/Admin/rbac/editrole
ERR: 非法操作:editrole

[ 2018-10-10T15:40:28+08:00 ] ::1 /TestProject/TP32Admin/index.php/Admin/index/welcome
ERR: 非法操作:welcome

[ 2018-10-10T15:42:24+08:00 ] ::1 /TestProject/TP32Admin/index.php/Admin/index/changepwd
ERR: 非法操作:changepwd

[ 2018-10-10T15:42:25+08:00 ] ::1 /TestProject/TP32Admin/index.php/Admin/rbac/editrole
ERR: 非法操作:editrole

[ 2018-10-10T15:42:25+08:00 ] ::1 /TestProject/TP32Admin/index.php/Admin/rbac/delrole
ERR: 非法操作:delrole

[ 2018-10-10T15:42:25+08:00 ] ::1 /TestProject/TP32Admin/index.php/Admin/index/welcome
ERR: 非法操作:welcome

[ 2018-10-10T15:42:25+08:00 ] ::1 /TestProject/TP32Admin/index.php/Admin/index/changepwd
ERR: 非法操作:changepwd

[ 2018-10-10T15:42:25+08:00 ] ::1 /TestProject/TP32Admin/index.php/Admin/rbac/editrole
ERR: 非法操作:editrole

[ 2018-10-10T15:42:25+08:00 ] ::1 /TestProject/TP32Admin/index.php/Admin/rbac/delrole
ERR: 非法操作:delrole

[ 2018-10-10T15:42:25+08:00 ] ::1 /TestProject/TP32Admin/index.php/Admin/index/welcome
ERR: 非法操作:welcome

[ 2018-10-10T15:42:25+08:00 ] ::1 /TestProject/TP32Admin/index.php/Admin/index/changepwd
ERR: 非法操作:changepwd

[ 2018-10-10T15:42:25+08:00 ] ::1 /TestProject/TP32Admin/index.php/Admin/rbac/editrole
ERR: 非法操作:editrole

[ 2018-10-10T15:42:26+08:00 ] ::1 /TestProject/TP32Admin/index.php/Admin/rbac/delrole
ERR: 非法操作:delrole

[ 2018-10-10T15:42:26+08:00 ] ::1 /TestProject/TP32Admin/index.php/Admin/index/welcome
ERR: 非法操作:welcome

[ 2018-10-10T15:47:06+08:00 ] ::1 /TestProject/TP32Admin/index.php/Admin/index/changepwd
ERR: 非法操作:changepwd

[ 2018-10-10T15:47:06+08:00 ] ::1 /TestProject/TP32Admin/index.php/Admin/rbac/editrole
ERR: 非法操作:editrole

[ 2018-10-10T15:47:06+08:00 ] ::1 /TestProject/TP32Admin/index.php/Admin/rbac/delrole
ERR: 非法操作:delrole

[ 2018-10-10T15:47:06+08:00 ] ::1 /TestProject/TP32Admin/index.php/Admin/index/welcome
ERR: 非法操作:welcome

[ 2018-10-10T15:47:06+08:00 ] ::1 /TestProject/TP32Admin/index.php/Admin/index/changepwd
ERR: 非法操作:changepwd

[ 2018-10-10T15:47:06+08:00 ] ::1 /TestProject/TP32Admin/index.php/Admin/rbac/editrole
ERR: 非法操作:editrole

[ 2018-10-10T15:47:06+08:00 ] ::1 /TestProject/TP32Admin/index.php/Admin/rbac/delrole
ERR: 非法操作:delrole

[ 2018-10-10T15:47:07+08:00 ] ::1 /TestProject/TP32Admin/index.php/Admin/index/welcome
ERR: 非法操作:welcome

[ 2018-10-10T15:47:07+08:00 ] ::1 /TestProject/TP32Admin/index.php/Admin/rbac/editrole
ERR: 非法操作:editrole

[ 2018-10-10T15:47:07+08:00 ] ::1 /TestProject/TP32Admin/index.php/Admin/index/changepwd
ERR: 非法操作:changepwd

[ 2018-10-10T15:47:07+08:00 ] ::1 /TestProject/TP32Admin/index.php/Admin/rbac/delrole
ERR: 非法操作:delrole

[ 2018-10-10T15:47:07+08:00 ] ::1 /TestProject/TP32Admin/index.php/Admin/index/welcome
ERR: 非法操作:welcome

[ 2018-10-10T16:28:16+08:00 ] ::1 /TestProject/TP32Admin/index.php/Admin/category/index
ERR: 无法加载控制器:Category

[ 2018-10-10T16:28:22+08:00 ] ::1 /TestProject/TP32Admin/index.php/Admin/index/changepwd
ERR: 非法操作:changepwd

[ 2018-10-10T16:28:25+08:00 ] ::1 /TestProject/TP32Admin/index.php/Admin/category/index
ERR: 无法加载控制器:Category

[ 2018-10-10T16:28:25+08:00 ] ::1 /TestProject/TP32Admin/index.php/Admin/index/changepwd
ERR: 非法操作:changepwd

[ 2018-10-10T16:28:35+08:00 ] ::1 /TestProject/TP32Admin/index.php/Admin/category/index
ERR: 无法加载控制器:Category

[ 2018-10-10T16:28:35+08:00 ] ::1 /TestProject/TP32Admin/index.php/Admin/index/changepwd
ERR: 非法操作:changepwd

[ 2018-10-10T16:28:40+08:00 ] ::1 /TestProject/TP32Admin/index.php/Admin/category/index
ERR: 无法加载控制器:Category

[ 2018-10-10T16:28:40+08:00 ] ::1 /TestProject/TP32Admin/index.php/Admin/index/changepwd
ERR: 非法操作:changepwd

[ 2018-10-10T16:29:53+08:00 ] ::1 /TestProject/TP32Admin/index.php/Admin/category/index
ERR: 无法加载控制器:Category

[ 2018-10-10T16:29:53+08:00 ] ::1 /TestProject/TP32Admin/index.php/Admin/index/changepwd
ERR: 非法操作:changepwd

[ 2018-10-10T16:30:12+08:00 ] ::1 /TestProject/TP32Admin/index.php/Admin/category/index
ERR: 无法加载控制器:Category

[ 2018-10-10T16:30:12+08:00 ] ::1 /TestProject/TP32Admin/index.php/Admin/index/changepwd
ERR: 非法操作:changepwd

[ 2018-10-10T16:31:27+08:00 ] ::1 /TestProject/TP32Admin/index.php/Admin/category/index
ERR: 无法加载控制器:Category

[ 2018-10-10T16:31:27+08:00 ] ::1 /TestProject/TP32Admin/index.php/Admin/index/changepwd
ERR: 非法操作:changepwd

[ 2018-10-10T16:31:34+08:00 ] ::1 /TestProject/TP32Admin/index.php/Admin/category/index
ERR: 无法加载控制器:Category

[ 2018-10-10T16:31:34+08:00 ] ::1 /TestProject/TP32Admin/index.php/Admin/index/changepwd
ERR: 非法操作:changepwd

[ 2018-10-10T16:31:39+08:00 ] ::1 /TestProject/TP32Admin/index.php/Admin/index/welcome
ERR: 非法操作:welcome

[ 2018-10-10T16:31:43+08:00 ] ::1 /TestProject/TP32Admin/index.php/Admin/category/index
ERR: 无法加载控制器:Category

[ 2018-10-10T16:31:43+08:00 ] ::1 /TestProject/TP32Admin/index.php/Admin/index/changepwd
ERR: 非法操作:changepwd

[ 2018-10-10T16:31:43+08:00 ] ::1 /TestProject/TP32Admin/index.php/Admin/index/welcome
ERR: 非法操作:welcome

[ 2018-10-10T16:31:46+08:00 ] ::1 /TestProject/TP32Admin/index.php/Admin/category/index
ERR: 无法加载控制器:Category

[ 2018-10-10T16:31:46+08:00 ] ::1 /TestProject/TP32Admin/index.php/Admin/index/welcome
ERR: 非法操作:welcome

[ 2018-10-10T16:31:46+08:00 ] ::1 /TestProject/TP32Admin/index.php/Admin/index/changepwd
ERR: 非法操作:changepwd

[ 2018-10-10T16:31:59+08:00 ] ::1 /TestProject/TP32Admin/index.php/Admin/goods/addgoods
ERR: 无法加载控制器:Goods

[ 2018-10-10T16:32:01+08:00 ] ::1 /TestProject/TP32Admin/index.php/Admin/category/index
ERR: 无法加载控制器:Category

[ 2018-10-10T16:32:01+08:00 ] ::1 /TestProject/TP32Admin/index.php/Admin/index/changepwd
ERR: 非法操作:changepwd

[ 2018-10-10T16:32:01+08:00 ] ::1 /TestProject/TP32Admin/index.php/Admin/index/welcome
ERR: 非法操作:welcome

[ 2018-10-10T16:32:01+08:00 ] ::1 /TestProject/TP32Admin/index.php/Admin/goods/addgoods
ERR: 无法加载控制器:Goods

[ 2018-10-10T16:32:08+08:00 ] ::1 /TestProject/TP32Admin/index.php/Admin/category/index
ERR: 无法加载控制器:Category

[ 2018-10-10T16:32:08+08:00 ] ::1 /TestProject/TP32Admin/index.php/Admin/index/changepwd
ERR: 非法操作:changepwd

[ 2018-10-10T16:32:09+08:00 ] ::1 /TestProject/TP32Admin/index.php/Admin/index/welcome
ERR: 非法操作:welcome

[ 2018-10-10T16:32:09+08:00 ] ::1 /TestProject/TP32Admin/index.php/Admin/goods/addgoods
ERR: 无法加载控制器:Goods

[ 2018-10-10T16:32:13+08:00 ] ::1 /TestProject/TP32Admin/index.php/Admin/category/index
ERR: 无法加载控制器:Category

[ 2018-10-10T16:32:13+08:00 ] ::1 /TestProject/TP32Admin/index.php/Admin/index/changepwd
ERR: 非法操作:changepwd

[ 2018-10-10T16:32:13+08:00 ] ::1 /TestProject/TP32Admin/index.php/Admin/index/welcome
ERR: 非法操作:welcome

[ 2018-10-10T16:32:13+08:00 ] ::1 /TestProject/TP32Admin/index.php/Admin/goods/addgoods
ERR: 无法加载控制器:Goods

[ 2018-10-10T16:34:49+08:00 ] ::1 /TestProject/TP32Admin/index.php/Admin/category/index
ERR: 无法加载控制器:Category

[ 2018-10-10T16:34:49+08:00 ] ::1 /TestProject/TP32Admin/index.php/Admin/index/changepwd
ERR: 非法操作:changepwd

[ 2018-10-10T16:34:49+08:00 ] ::1 /TestProject/TP32Admin/index.php/Admin/goods/addgoods
ERR: 无法加载控制器:Goods

[ 2018-10-10T16:34:56+08:00 ] ::1 /TestProject/TP32Admin/index.php/Admin/category/index
ERR: 无法加载控制器:Category

[ 2018-10-10T16:34:56+08:00 ] ::1 /TestProject/TP32Admin/index.php/Admin/index/changepwd
ERR: 非法操作:changepwd

[ 2018-10-10T16:34:56+08:00 ] ::1 /TestProject/TP32Admin/index.php/Admin/goods/addgoods
ERR: 无法加载控制器:Goods

[ 2018-10-10T16:35:01+08:00 ] ::1 /TestProject/TP32Admin/index.php/Admin/category/index
ERR: 无法加载控制器:Category

[ 2018-10-10T16:35:01+08:00 ] ::1 /TestProject/TP32Admin/index.php/Admin/index/changepwd
ERR: 非法操作:changepwd

[ 2018-10-10T16:35:01+08:00 ] ::1 /TestProject/TP32Admin/index.php/Admin/goods/addgoods
ERR: 无法加载控制器:Goods

[ 2018-10-10T16:50:46+08:00 ] ::1 /TestProject/TP32Admin/index.php/Admin/category/index
ERR: 无法加载控制器:Category

[ 2018-10-10T16:50:46+08:00 ] ::1 /TestProject/TP32Admin/index.php/Admin/index/changepwd
ERR: 非法操作:changepwd

[ 2018-10-10T16:50:47+08:00 ] ::1 /TestProject/TP32Admin/index.php/Admin/goods/addgoods
ERR: 无法加载控制器:Goods

[ 2018-10-10T16:55:39+08:00 ] ::1 /TestProject/TP32Admin/index.php/Admin/index/changepwd
ERR: 非法操作:changepwd

[ 2018-10-10T16:55:39+08:00 ] ::1 /TestProject/TP32Admin/index.php/Admin/category/index
ERR: 无法加载控制器:Category

[ 2018-10-10T16:55:39+08:00 ] ::1 /TestProject/TP32Admin/index.php/Admin/goods/addgoods
ERR: 无法加载控制器:Goods

[ 2018-10-10T17:05:29+08:00 ] ::1 /TestProject/TP32Admin/index.php/Admin/category/index
ERR: 无法加载控制器:Category

[ 2018-10-10T17:05:29+08:00 ] ::1 /TestProject/TP32Admin/index.php/Admin/index/changepwd
ERR: 非法操作:changepwd

[ 2018-10-10T17:05:29+08:00 ] ::1 /TestProject/TP32Admin/index.php/Admin/goods/addgoods
ERR: 无法加载控制器:Goods

[ 2018-10-10T17:06:26+08:00 ] ::1 /TestProject/TP32Admin/index.php/Admin/category/index
ERR: 无法加载控制器:Category

[ 2018-10-10T17:06:26+08:00 ] ::1 /TestProject/TP32Admin/index.php/Admin/index/changepwd
ERR: 非法操作:changepwd

[ 2018-10-10T17:06:26+08:00 ] ::1 /TestProject/TP32Admin/index.php/Admin/goods/addgoods
ERR: 无法加载控制器:Goods

[ 2018-10-10T17:13:00+08:00 ] ::1 /TestProject/TP32Admin/index.php/Admin/category/index
ERR: 无法加载控制器:Category

[ 2018-10-10T17:13:01+08:00 ] ::1 /TestProject/TP32Admin/index.php/Admin/index/changepwd
ERR: 非法操作:changepwd

[ 2018-10-10T17:13:01+08:00 ] ::1 /TestProject/TP32Admin/index.php/Admin/goods/addgoods
ERR: 无法加载控制器:Goods

[ 2018-10-10T17:13:48+08:00 ] ::1 /TestProject/TP32Admin/index.php/Admin/category/index
ERR: 无法加载控制器:Category

[ 2018-10-10T17:13:48+08:00 ] ::1 /TestProject/TP32Admin/index.php/Admin/index/changepwd
ERR: 非法操作:changepwd

[ 2018-10-10T17:13:49+08:00 ] ::1 /TestProject/TP32Admin/index.php/Admin/goods/addgoods
ERR: 无法加载控制器:Goods

[ 2018-10-10T17:15:05+08:00 ] ::1 /TestProject/TP32Admin/index.php/Admin/category/index
ERR: 无法加载控制器:Category

[ 2018-10-10T17:15:05+08:00 ] ::1 /TestProject/TP32Admin/index.php/Admin/index/changepwd
ERR: 非法操作:changepwd

[ 2018-10-10T17:15:05+08:00 ] ::1 /TestProject/TP32Admin/index.php/Admin/goods/addgoods
ERR: 无法加载控制器:Goods

[ 2018-10-10T17:16:28+08:00 ] ::1 /TestProject/TP32Admin/index.php/Admin/category/index
ERR: 无法加载控制器:Category

[ 2018-10-10T17:16:29+08:00 ] ::1 /TestProject/TP32Admin/index.php/Admin/index/changepwd
ERR: 非法操作:changepwd

[ 2018-10-10T17:16:29+08:00 ] ::1 /TestProject/TP32Admin/index.php/Admin/goods/addgoods
ERR: 无法加载控制器:Goods

[ 2018-10-10T17:17:13+08:00 ] ::1 /TestProject/TP32Admin/index.php/Admin/index/changepwd
ERR: 非法操作:changepwd

[ 2018-10-10T17:17:13+08:00 ] ::1 /TestProject/TP32Admin/index.php/Admin/category/index
ERR: 无法加载控制器:Category

[ 2018-10-10T17:17:13+08:00 ] ::1 /TestProject/TP32Admin/index.php/Admin/goods/addgoods
ERR: 无法加载控制器:Goods

[ 2018-10-10T17:18:54+08:00 ] ::1 /TestProject/TP32Admin/index.php/Admin/category/index
ERR: 无法加载控制器:Category

[ 2018-10-10T17:18:54+08:00 ] ::1 /TestProject/TP32Admin/index.php/Admin/index/changepwd
ERR: 非法操作:changepwd

[ 2018-10-10T17:18:54+08:00 ] ::1 /TestProject/TP32Admin/index.php/Admin/goods/addgoods
ERR: 无法加载控制器:Goods

[ 2018-10-10T17:21:56+08:00 ] ::1 /TestProject/TP32Admin/index.php/Admin/category/index
ERR: 无法加载控制器:Category

[ 2018-10-10T17:21:56+08:00 ] ::1 /TestProject/TP32Admin/index.php/Admin/index/changepwd
ERR: 非法操作:changepwd

[ 2018-10-10T17:21:56+08:00 ] ::1 /TestProject/TP32Admin/index.php/Admin/goods/addgoods
ERR: 无法加载控制器:Goods

[ 2018-10-10T17:22:13+08:00 ] ::1 /TestProject/TP32Admin/index.php/Admin/category/index
ERR: 无法加载控制器:Category

[ 2018-10-10T17:22:13+08:00 ] ::1 /TestProject/TP32Admin/index.php/Admin/index/changepwd
ERR: 非法操作:changepwd

[ 2018-10-10T17:22:14+08:00 ] ::1 /TestProject/TP32Admin/index.php/Admin/goods/addgoods
ERR: 无法加载控制器:Goods

[ 2018-10-10T17:22:41+08:00 ] ::1 /TestProject/TP32Admin/index.php/Admin/index/changepwd
ERR: 非法操作:changepwd

[ 2018-10-10T17:22:41+08:00 ] ::1 /TestProject/TP32Admin/index.php/Admin/category/index
ERR: 无法加载控制器:Category

[ 2018-10-10T17:22:41+08:00 ] ::1 /TestProject/TP32Admin/index.php/Admin/goods/addgoods
ERR: 无法加载控制器:Goods

